#
# A fatal error has been detected by the Java Runtime Environment:
#
#  EXCEPTION_ACCESS_VIOLATION (0xc0000005) at pc=0x000001881528b9c0, pid=9300, tid=7276
#
# JRE version: Java(TM) SE Runtime Environment 18.9 (11.0.7+8) (build 11.0.7+8-LTS)
# Java VM: Java HotSpot(TM) 64-Bit Server VM 18.9 (11.0.7+8-LTS, mixed mode, tiered, compressed oops, g1 gc, windows-amd64)
# Problematic frame:
# J 1929 c1 org.springframework.core.annotation.AnnotationFilter.matches(Ljava/lang/Class;)Z (11 bytes) @ 0x000001881528b9c0 [0x000001881528b9c0+0x0000000000000000]
#
# No core dump will be written. Minidumps are not enabled by default on client versions of Windows
#
# If you would like to submit a bug report, please visit:
#   https://bugreport.java.com/bugreport/crash.jsp
#

---------------  S U M M A R Y ------------

Command Line: -XX:TieredStopAtLevel=1 -Xverify:none -Dspring.output.ansi.enabled=always -Dcom.sun.management.jmxremote -Dspring.jmx.enabled=true -Dspring.liveBeansView.mbeanDomain -Dspring.application.admin.enabled=true -javaagent:C:\Program Files\JetBrains\IntelliJ IDEA 2020.2.3\lib\idea_rt.jar=53642:C:\Program Files\JetBrains\IntelliJ IDEA 2020.2.3\bin -Dfile.encoding=UTF-8 com.Application

Host: Intel(R) Core(TM) i7-7700K CPU @ 4.20GHz, 8 cores, 31G,  Windows 10 , 64 bit Build 18362 (10.0.18362.1110)
Time: Thu Jan 21 17:35:54 2021 RTZ 2 (ceia) elapsed time: 4 seconds (0d 0h 0m 4s)

---------------  T H R E A D  ---------------

Current thread (0x000001883a1bb800):  JavaThread "restartedMain" [_thread_in_Java, id=7276, stack(0x0000006d45700000,0x0000006d45800000)]

Stack: [0x0000006d45700000,0x0000006d45800000],  sp=0x0000006d457fdb78,  free space=1014k
Native frames: (J=compiled Java code, j=interpreted, Vv=VM code, C=native code)
C  0x000001881528b9c0


siginfo: EXCEPTION_ACCESS_VIOLATION (0xc0000005), reading address 0x00000000c022c6ae


Register to memory mapping:

RIP=0x000001881528b9c0 is at entry_point+0 in (nmethod*)0x000001881528b810
RAX=0x0000000800180040 is a pointer to class: 
org.springframework.core.annotation.PackagesAnnotationFilter {0x0000000800180048}
RBX=0x0000000800189a48 is a pointer to class: 
org.springframework.core.annotation.AnnotationTypeMappings {0x0000000800189a50}
RCX=0x0000000617cd3b80 is an oop: java.util.ArrayList 
{0x0000000617cd3b80} - klass: 'java/util/ArrayList'
RDX=3223504550 is a compressed pointer to object: org.springframework.core.annotation.PackagesAnnotationFilter 
{0x0000000601163530} - klass: 'org/springframework/core/annotation/PackagesAnnotationFilter'
RSP=0x0000006d457fdb78 is pointing into the stack for thread: 0x000001883a1bb800
RBP=0x0000006d457fdc48 is pointing into the stack for thread: 0x000001883a1bb800
RSI=3223504550 is a compressed pointer to object: org.springframework.core.annotation.PackagesAnnotationFilter 
{0x0000000601163530} - klass: 'org/springframework/core/annotation/PackagesAnnotationFilter'
RDI=0x00000006181b1520 is an oop: java.lang.Class 
{0x00000006181b1520} - klass: 'java/lang/Class'
R8 =0x00000006181b1520 is an oop: java.lang.Class 
{0x00000006181b1520} - klass: 'java/lang/Class'
R9 =0x00000006181892d0 is an oop: java.lang.Class 
{0x00000006181892d0} - klass: 'java/lang/Class'
R10=0x000001880bc51000 points into unknown readable memory: 00 00 00 00 00 00 00 00
R11=0x0000000000000228 is an unknown value
R12=0x0 is NULL
R13=0x0000000000000012 is an unknown value
R14=0x0000000000000019 is an unknown value
R15=0x000001883a1bb800 is a thread


Registers:
RAX=0x0000000800180040, RBX=0x0000000800189a48, RCX=0x0000000617cd3b80, RDX=0x00000000c022c6a6
RSP=0x0000006d457fdb78, RBP=0x0000006d457fdc48, RSI=0x00000000c022c6a6, RDI=0x00000006181b1520
R8 =0x00000006181b1520, R9 =0x00000006181892d0, R10=0x000001880bc51000, R11=0x0000000000000228
R12=0x0000000000000000, R13=0x0000000000000012, R14=0x0000000000000019, R15=0x000001883a1bb800
RIP=0x000001881528b9c0, EFLAGS=0x0000000000010202

Top of Stack: (sp=0x0000006d457fdb78)
0x0000006d457fdb78:   000001881536881c 0000006d457fdb80
0x0000006d457fdb88:   0000018840242363 0000006d457fdbf8
0x0000006d457fdb98:   0000018840242778 0000000000000000
0x0000006d457fdba8:   00000006181892d0 00000006181b1520
0x0000006d457fdbb8:   0000006d457fdb70 0000006d457fdc48
0x0000006d457fdbc8:   000001881552a78c 0000018814889bc0
0x0000006d457fdbd8:   0000000601181ca8 00000006181892d0
0x0000006d457fdbe8:   0000000617d69720 0000000617e02dd0
0x0000006d457fdbf8:   00000006140fac98 0000006d457fdc00
0x0000006d457fdc08:   00000188402421bd 0000006d457fdc98
0x0000006d457fdc18:   0000018840242778 0000000000000000
0x0000006d457fdc28:   00000006180bd6a8 00000188402422c8
0x0000006d457fdc38:   0000006d457fdbe0 0000006d457fdc80
0x0000006d457fdc48:   0000006d457fdce8 0000018814889bc0
0x0000006d457fdc58:   0000000000000000 0000000000000000
0x0000006d457fdc68:   0000000000000000 0000000000000000 

Instructions: (pc=0x000001881528b9c0)
0x000001881528b9a0:   d8 5d 00 29 ff 7f 5b 70 60 f0 0a 80 11 60 01 f8
0x000001881528b9b0:   62 fd 0e 90 0c 64 00 00 00 00 00 00 00 00 00 00
0x000001881528b9c0:   44 8b 52 08 49 bc 00 00 00 00 08 00 00 00 4d 03
0x000001881528b9d0:   d4 4d 33 e4 4c 3b d0 0f 85 a3 ba 61 ff 66 66 90 


Stack slot to memory mapping:
stack at sp + 0 slots: 0x000001881536881c is at entry_point+60 in (nmethod*)0x0000018815368610
stack at sp + 1 slots: 0x0000006d457fdb80 is pointing into the stack for thread: 0x000001883a1bb800
stack at sp + 2 slots: 0x0000018840242363 is pointing into metadata
stack at sp + 3 slots: 0x0000006d457fdbf8 is pointing into the stack for thread: 0x000001883a1bb800
stack at sp + 4 slots: 0x0000018840242778 is pointing into metadata
stack at sp + 5 slots: 0x0 is NULL
stack at sp + 6 slots: 0x00000006181892d0 is an oop: java.lang.Class 
{0x00000006181892d0} - klass: 'java/lang/Class'
stack at sp + 7 slots: 0x00000006181b1520 is an oop: java.lang.Class 
{0x00000006181b1520} - klass: 'java/lang/Class'



---------------  P R O C E S S  ---------------

Threads class SMR info:
_java_thread_list=0x0000018840e5d870, length=26, elements={
0x000001880c48f000, 0x000001883a00f800, 0x000001883a019000, 0x000001883a070800,
0x000001883a071800, 0x000001883a074000, 0x000001883a07f000, 0x000001883a1be000,
0x000001883a1bc000, 0x000001883a1be800, 0x000001883a1bd000, 0x000001883a1b9800,
0x000001883a1bb800, 0x000001883a1b9000, 0x000001883a1bf800, 0x000001883a1ba800,
0x000001883e9a0800, 0x000001883e99a800, 0x000001883e99f800, 0x000001883e99e800,
0x000001883e9a1000, 0x000001883e99b800, 0x000001883e9a2000, 0x000001883e99c000,
0x000001883e9a3000, 0x000001883e99d000
}

Java Threads: ( => current thread )
  0x000001880c48f000 JavaThread "main" [_thread_blocked, id=9680, stack(0x0000006d43c00000,0x0000006d43d00000)]
  0x000001883a00f800 JavaThread "Reference Handler" daemon [_thread_blocked, id=13460, stack(0x0000006d44300000,0x0000006d44400000)]
  0x000001883a019000 JavaThread "Finalizer" daemon [_thread_blocked, id=7804, stack(0x0000006d44400000,0x0000006d44500000)]
  0x000001883a070800 JavaThread "Signal Dispatcher" daemon [_thread_blocked, id=9208, stack(0x0000006d44500000,0x0000006d44600000)]
  0x000001883a071800 JavaThread "Attach Listener" daemon [_thread_blocked, id=8708, stack(0x0000006d44600000,0x0000006d44700000)]
  0x000001883a074000 JavaThread "C1 CompilerThread0" daemon [_thread_blocked, id=8804, stack(0x0000006d44700000,0x0000006d44800000)]
  0x000001883a07f000 JavaThread "Sweeper thread" daemon [_thread_blocked, id=7912, stack(0x0000006d44800000,0x0000006d44900000)]
  0x000001883a1be000 JavaThread "Common-Cleaner" daemon [_thread_blocked, id=14544, stack(0x0000006d44900000,0x0000006d44a00000)]
  0x000001883a1bc000 JavaThread "Monitor Ctrl-Break" daemon [_thread_in_native, id=7264, stack(0x0000006d44a00000,0x0000006d44b00000)]
  0x000001883a1be800 JavaThread "Service Thread" daemon [_thread_blocked, id=14212, stack(0x0000006d44b00000,0x0000006d44c00000)]
  0x000001883a1bd000 JavaThread "RMI TCP Accept-0" daemon [_thread_in_native, id=1880, stack(0x0000006d44c00000,0x0000006d44d00000)]
  0x000001883a1b9800 JavaThread "Thread-0" [_thread_blocked, id=12776, stack(0x0000006d45600000,0x0000006d45700000)]
=>0x000001883a1bb800 JavaThread "restartedMain" [_thread_in_Java, id=7276, stack(0x0000006d45700000,0x0000006d45800000)]
  0x000001883a1b9000 JavaThread "RMI TCP Connection(1)-192.168.1.48" daemon [_thread_in_native, id=4344, stack(0x0000006d45900000,0x0000006d45a00000)]
  0x000001883a1bf800 JavaThread "RMI Scheduler(0)" daemon [_thread_blocked, id=4980, stack(0x0000006d45b00000,0x0000006d45c00000)]
  0x000001883a1ba800 JavaThread "Catalina-utility-1" [_thread_blocked, id=12300, stack(0x0000006d45a00000,0x0000006d45b00000)]
  0x000001883e9a0800 JavaThread "Catalina-utility-2" [_thread_blocked, id=15068, stack(0x0000006d45c00000,0x0000006d45d00000)]
  0x000001883e99a800 JavaThread "container-0" [_thread_blocked, id=12264, stack(0x0000006d45d00000,0x0000006d45e00000)]
  0x000001883e99f800 JavaThread "Timer-0" daemon [_thread_blocked, id=1488, stack(0x0000006d45e00000,0x0000006d45f00000)]
  0x000001883e99e800 JavaThread "oracle.jdbc.driver.BlockSource.ThreadedCachingBlockSource.BlockReleaser" daemon [_thread_blocked, id=15080, stack(0x0000006d45f00000,0x0000006d46000000)]
  0x000001883e9a1000 JavaThread "InterruptTimer" daemon [_thread_blocked, id=6044, stack(0x0000006d46000000,0x0000006d46100000)]
  0x000001883e99b800 JavaThread "HikariPool-1 housekeeper" daemon [_thread_blocked, id=10984, stack(0x0000006d46100000,0x0000006d46200000)]
  0x000001883e9a2000 JavaThread "HikariPool-1 connection adder" daemon [_thread_blocked, id=12948, stack(0x0000006d46200000,0x0000006d46300000)]
  0x000001883e99c000 JavaThread "task-1" [_thread_blocked, id=8764, stack(0x0000006d46300000,0x0000006d46400000)]
  0x000001883e9a3000 JavaThread "task-2" [_thread_blocked, id=12400, stack(0x0000006d46400000,0x0000006d46500000)]
  0x000001883e99d000 JavaThread "File Watcher" daemon [_thread_blocked, id=10196, stack(0x0000006d46500000,0x0000006d46600000)]

Other Threads:
  0x0000018839fea000 VMThread "VM Thread" [stack: 0x0000006d44200000,0x0000006d44300000] [id=3456]
  0x000001883a86a800 WatcherThread [stack: 0x0000006d44d00000,0x0000006d44e00000] [id=12976]
  0x000001880c4a6800 GCTaskThread "GC Thread#0" [stack: 0x0000006d43d00000,0x0000006d43e00000] [id=13296]
  0x000001883abce000 GCTaskThread "GC Thread#1" [stack: 0x0000006d44e00000,0x0000006d44f00000] [id=2796]
  0x000001883b52c800 GCTaskThread "GC Thread#2" [stack: 0x0000006d44f00000,0x0000006d45000000] [id=9328]
  0x000001883b52d000 GCTaskThread "GC Thread#3" [stack: 0x0000006d45000000,0x0000006d45100000] [id=8916]
  0x000001883b52e000 GCTaskThread "GC Thread#4" [stack: 0x0000006d45100000,0x0000006d45200000] [id=10216]
  0x000001883b52e800 GCTaskThread "GC Thread#5" [stack: 0x0000006d45200000,0x0000006d45300000] [id=9764]
  0x000001883b54d800 GCTaskThread "GC Thread#6" [stack: 0x0000006d45300000,0x0000006d45400000] [id=2160]
  0x000001883b552000 GCTaskThread "GC Thread#7" [stack: 0x0000006d45400000,0x0000006d45500000] [id=9984]
  0x000001880c526800 ConcurrentGCThread "G1 Main Marker" [stack: 0x0000006d43e00000,0x0000006d43f00000] [id=14356]
  0x000001880c528000 ConcurrentGCThread "G1 Conc#0" [stack: 0x0000006d43f00000,0x0000006d44000000] [id=4656]
  0x000001883b852000 ConcurrentGCThread "G1 Conc#1" [stack: 0x0000006d45800000,0x0000006d45900000] [id=11668]
  0x0000018839652000 ConcurrentGCThread "G1 Refine#0" [stack: 0x0000006d44000000,0x0000006d44100000] [id=12800]
  0x000001883b573000 ConcurrentGCThread "G1 Refine#1" [stack: 0x0000006d45500000,0x0000006d45600000] [id=1584]
  0x0000018839653000 ConcurrentGCThread "G1 Young RemSet Sampling" [stack: 0x0000006d44100000,0x0000006d44200000] [id=8332]

Threads with active compile tasks:

VM state:not at safepoint (normal execution)

VM Mutex/Monitor currently owned by a thread: None

Heap address: 0x0000000601000000, size: 8176 MB, Compressed Oops mode: Zero based, Oop shift amount: 3
Narrow klass base: 0x0000000800000000, Narrow klass shift: 0
Compressed class space size: 1073741824 Address: 0x0000000800000000

Heap:
 garbage-first heap   total 524288K, used 217649K [0x0000000601000000, 0x0000000800000000)
  region size 2048K, 104 young (212992K), 5 survivors (10240K)
 Metaspace       used 55055K, capacity 56559K, committed 56748K, reserved 1097728K
  class space    used 7204K, capacity 7827K, committed 7936K, reserved 1048576K
Heap Regions: E=young(eden), S=young(survivor), O=old, HS=humongous(starts), HC=humongous(continues), CS=collection set, F=free, A=archive, TAMS=top-at-mark-start (previous, next)
|   0|0x0000000601000000, 0x0000000601200000, 0x0000000601200000|100%| O|  |TAMS 0x0000000601200000, 0x0000000601000000| Untracked 
|   1|0x0000000601200000, 0x0000000601400000, 0x0000000601400000|100%| O|  |TAMS 0x0000000601400000, 0x0000000601200000| Untracked 
|   2|0x0000000601400000, 0x0000000601600000, 0x0000000601600000|100%| O|  |TAMS 0x0000000601600000, 0x0000000601400000| Untracked 
|   3|0x0000000601600000, 0x00000006016baa00, 0x0000000601800000| 36%| O|  |TAMS 0x00000006016baa00, 0x0000000601600000| Untracked 
|   4|0x0000000601800000, 0x0000000601800000, 0x0000000601a00000|  0%| F|  |TAMS 0x0000000601800000, 0x0000000601800000| Untracked 
|   5|0x0000000601a00000, 0x0000000601a00000, 0x0000000601c00000|  0%| F|  |TAMS 0x0000000601a00000, 0x0000000601a00000| Untracked 
|   6|0x0000000601c00000, 0x0000000601c00000, 0x0000000601e00000|  0%| F|  |TAMS 0x0000000601c00000, 0x0000000601c00000| Untracked 
|   7|0x0000000601e00000, 0x0000000601e00000, 0x0000000602000000|  0%| F|  |TAMS 0x0000000601e00000, 0x0000000601e00000| Untracked 
|   8|0x0000000602000000, 0x0000000602000000, 0x0000000602200000|  0%| F|  |TAMS 0x0000000602000000, 0x0000000602000000| Untracked 
|   9|0x0000000602200000, 0x0000000602200000, 0x0000000602400000|  0%| F|  |TAMS 0x0000000602200000, 0x0000000602200000| Untracked 
|  10|0x0000000602400000, 0x0000000602400000, 0x0000000602600000|  0%| F|  |TAMS 0x0000000602400000, 0x0000000602400000| Untracked 
|  11|0x0000000602600000, 0x0000000602600000, 0x0000000602800000|  0%| F|  |TAMS 0x0000000602600000, 0x0000000602600000| Untracked 
|  12|0x0000000602800000, 0x0000000602800000, 0x0000000602a00000|  0%| F|  |TAMS 0x0000000602800000, 0x0000000602800000| Untracked 
|  13|0x0000000602a00000, 0x0000000602a00000, 0x0000000602c00000|  0%| F|  |TAMS 0x0000000602a00000, 0x0000000602a00000| Untracked 
|  14|0x0000000602c00000, 0x0000000602c00000, 0x0000000602e00000|  0%| F|  |TAMS 0x0000000602c00000, 0x0000000602c00000| Untracked 
|  15|0x0000000602e00000, 0x0000000602e00000, 0x0000000603000000|  0%| F|  |TAMS 0x0000000602e00000, 0x0000000602e00000| Untracked 
|  16|0x0000000603000000, 0x0000000603000000, 0x0000000603200000|  0%| F|  |TAMS 0x0000000603000000, 0x0000000603000000| Untracked 
|  17|0x0000000603200000, 0x0000000603200000, 0x0000000603400000|  0%| F|  |TAMS 0x0000000603200000, 0x0000000603200000| Untracked 
|  18|0x0000000603400000, 0x0000000603400000, 0x0000000603600000|  0%| F|  |TAMS 0x0000000603400000, 0x0000000603400000| Untracked 
|  19|0x0000000603600000, 0x0000000603600000, 0x0000000603800000|  0%| F|  |TAMS 0x0000000603600000, 0x0000000603600000| Untracked 
|  20|0x0000000603800000, 0x0000000603800000, 0x0000000603a00000|  0%| F|  |TAMS 0x0000000603800000, 0x0000000603800000| Untracked 
|  21|0x0000000603a00000, 0x0000000603a00000, 0x0000000603c00000|  0%| F|  |TAMS 0x0000000603a00000, 0x0000000603a00000| Untracked 
|  22|0x0000000603c00000, 0x0000000603c00000, 0x0000000603e00000|  0%| F|  |TAMS 0x0000000603c00000, 0x0000000603c00000| Untracked 
|  23|0x0000000603e00000, 0x0000000603e00000, 0x0000000604000000|  0%| F|  |TAMS 0x0000000603e00000, 0x0000000603e00000| Untracked 
|  24|0x0000000604000000, 0x0000000604000000, 0x0000000604200000|  0%| F|  |TAMS 0x0000000604000000, 0x0000000604000000| Untracked 
|  25|0x0000000604200000, 0x0000000604200000, 0x0000000604400000|  0%| F|  |TAMS 0x0000000604200000, 0x0000000604200000| Untracked 
|  26|0x0000000604400000, 0x0000000604400000, 0x0000000604600000|  0%| F|  |TAMS 0x0000000604400000, 0x0000000604400000| Untracked 
|  27|0x0000000604600000, 0x0000000604600000, 0x0000000604800000|  0%| F|  |TAMS 0x0000000604600000, 0x0000000604600000| Untracked 
|  28|0x0000000604800000, 0x0000000604800000, 0x0000000604a00000|  0%| F|  |TAMS 0x0000000604800000, 0x0000000604800000| Untracked 
|  29|0x0000000604a00000, 0x0000000604a00000, 0x0000000604c00000|  0%| F|  |TAMS 0x0000000604a00000, 0x0000000604a00000| Untracked 
|  30|0x0000000604c00000, 0x0000000604c00000, 0x0000000604e00000|  0%| F|  |TAMS 0x0000000604c00000, 0x0000000604c00000| Untracked 
|  31|0x0000000604e00000, 0x0000000604e00000, 0x0000000605000000|  0%| F|  |TAMS 0x0000000604e00000, 0x0000000604e00000| Untracked 
|  32|0x0000000605000000, 0x0000000605000000, 0x0000000605200000|  0%| F|  |TAMS 0x0000000605000000, 0x0000000605000000| Untracked 
|  33|0x0000000605200000, 0x0000000605200000, 0x0000000605400000|  0%| F|  |TAMS 0x0000000605200000, 0x0000000605200000| Untracked 
|  34|0x0000000605400000, 0x0000000605400000, 0x0000000605600000|  0%| F|  |TAMS 0x0000000605400000, 0x0000000605400000| Untracked 
|  35|0x0000000605600000, 0x0000000605600000, 0x0000000605800000|  0%| F|  |TAMS 0x0000000605600000, 0x0000000605600000| Untracked 
|  36|0x0000000605800000, 0x0000000605800000, 0x0000000605a00000|  0%| F|  |TAMS 0x0000000605800000, 0x0000000605800000| Untracked 
|  37|0x0000000605a00000, 0x0000000605a00000, 0x0000000605c00000|  0%| F|  |TAMS 0x0000000605a00000, 0x0000000605a00000| Untracked 
|  38|0x0000000605c00000, 0x0000000605c00000, 0x0000000605e00000|  0%| F|  |TAMS 0x0000000605c00000, 0x0000000605c00000| Untracked 
|  39|0x0000000605e00000, 0x0000000605e00000, 0x0000000606000000|  0%| F|  |TAMS 0x0000000605e00000, 0x0000000605e00000| Untracked 
|  40|0x0000000606000000, 0x0000000606000000, 0x0000000606200000|  0%| F|  |TAMS 0x0000000606000000, 0x0000000606000000| Untracked 
|  41|0x0000000606200000, 0x0000000606200000, 0x0000000606400000|  0%| F|  |TAMS 0x0000000606200000, 0x0000000606200000| Untracked 
|  42|0x0000000606400000, 0x0000000606400000, 0x0000000606600000|  0%| F|  |TAMS 0x0000000606400000, 0x0000000606400000| Untracked 
|  43|0x0000000606600000, 0x0000000606600000, 0x0000000606800000|  0%| F|  |TAMS 0x0000000606600000, 0x0000000606600000| Untracked 
|  44|0x0000000606800000, 0x0000000606800000, 0x0000000606a00000|  0%| F|  |TAMS 0x0000000606800000, 0x0000000606800000| Untracked 
|  45|0x0000000606a00000, 0x0000000606a00000, 0x0000000606c00000|  0%| F|  |TAMS 0x0000000606a00000, 0x0000000606a00000| Untracked 
|  46|0x0000000606c00000, 0x0000000606c00000, 0x0000000606e00000|  0%| F|  |TAMS 0x0000000606c00000, 0x0000000606c00000| Untracked 
|  47|0x0000000606e00000, 0x0000000606e00000, 0x0000000607000000|  0%| F|  |TAMS 0x0000000606e00000, 0x0000000606e00000| Untracked 
|  48|0x0000000607000000, 0x0000000607000000, 0x0000000607200000|  0%| F|  |TAMS 0x0000000607000000, 0x0000000607000000| Untracked 
|  49|0x0000000607200000, 0x0000000607200000, 0x0000000607400000|  0%| F|  |TAMS 0x0000000607200000, 0x0000000607200000| Untracked 
|  50|0x0000000607400000, 0x0000000607400000, 0x0000000607600000|  0%| F|  |TAMS 0x0000000607400000, 0x0000000607400000| Untracked 
|  51|0x0000000607600000, 0x0000000607600000, 0x0000000607800000|  0%| F|  |TAMS 0x0000000607600000, 0x0000000607600000| Untracked 
|  52|0x0000000607800000, 0x0000000607800000, 0x0000000607a00000|  0%| F|  |TAMS 0x0000000607800000, 0x0000000607800000| Untracked 
|  53|0x0000000607a00000, 0x0000000607a00000, 0x0000000607c00000|  0%| F|  |TAMS 0x0000000607a00000, 0x0000000607a00000| Untracked 
|  54|0x0000000607c00000, 0x0000000607c00000, 0x0000000607e00000|  0%| F|  |TAMS 0x0000000607c00000, 0x0000000607c00000| Untracked 
|  55|0x0000000607e00000, 0x0000000607e00000, 0x0000000608000000|  0%| F|  |TAMS 0x0000000607e00000, 0x0000000607e00000| Untracked 
|  56|0x0000000608000000, 0x0000000608000000, 0x0000000608200000|  0%| F|  |TAMS 0x0000000608000000, 0x0000000608000000| Untracked 
|  57|0x0000000608200000, 0x0000000608200000, 0x0000000608400000|  0%| F|  |TAMS 0x0000000608200000, 0x0000000608200000| Untracked 
|  58|0x0000000608400000, 0x0000000608400000, 0x0000000608600000|  0%| F|  |TAMS 0x0000000608400000, 0x0000000608400000| Untracked 
|  59|0x0000000608600000, 0x0000000608600000, 0x0000000608800000|  0%| F|  |TAMS 0x0000000608600000, 0x0000000608600000| Untracked 
|  60|0x0000000608800000, 0x0000000608800000, 0x0000000608a00000|  0%| F|  |TAMS 0x0000000608800000, 0x0000000608800000| Untracked 
|  61|0x0000000608a00000, 0x0000000608a00000, 0x0000000608c00000|  0%| F|  |TAMS 0x0000000608a00000, 0x0000000608a00000| Untracked 
|  62|0x0000000608c00000, 0x0000000608c00000, 0x0000000608e00000|  0%| F|  |TAMS 0x0000000608c00000, 0x0000000608c00000| Untracked 
|  63|0x0000000608e00000, 0x0000000608e00000, 0x0000000609000000|  0%| F|  |TAMS 0x0000000608e00000, 0x0000000608e00000| Untracked 
|  64|0x0000000609000000, 0x0000000609000000, 0x0000000609200000|  0%| F|  |TAMS 0x0000000609000000, 0x0000000609000000| Untracked 
|  65|0x0000000609200000, 0x0000000609200000, 0x0000000609400000|  0%| F|  |TAMS 0x0000000609200000, 0x0000000609200000| Untracked 
|  66|0x0000000609400000, 0x0000000609400000, 0x0000000609600000|  0%| F|  |TAMS 0x0000000609400000, 0x0000000609400000| Untracked 
|  67|0x0000000609600000, 0x0000000609600000, 0x0000000609800000|  0%| F|  |TAMS 0x0000000609600000, 0x0000000609600000| Untracked 
|  68|0x0000000609800000, 0x0000000609800000, 0x0000000609a00000|  0%| F|  |TAMS 0x0000000609800000, 0x0000000609800000| Untracked 
|  69|0x0000000609a00000, 0x0000000609a00000, 0x0000000609c00000|  0%| F|  |TAMS 0x0000000609a00000, 0x0000000609a00000| Untracked 
|  70|0x0000000609c00000, 0x0000000609c00000, 0x0000000609e00000|  0%| F|  |TAMS 0x0000000609c00000, 0x0000000609c00000| Untracked 
|  71|0x0000000609e00000, 0x0000000609e00000, 0x000000060a000000|  0%| F|  |TAMS 0x0000000609e00000, 0x0000000609e00000| Untracked 
|  72|0x000000060a000000, 0x000000060a000000, 0x000000060a200000|  0%| F|  |TAMS 0x000000060a000000, 0x000000060a000000| Untracked 
|  73|0x000000060a200000, 0x000000060a200000, 0x000000060a400000|  0%| F|  |TAMS 0x000000060a200000, 0x000000060a200000| Untracked 
|  74|0x000000060a400000, 0x000000060a400000, 0x000000060a600000|  0%| F|  |TAMS 0x000000060a400000, 0x000000060a400000| Untracked 
|  75|0x000000060a600000, 0x000000060a600000, 0x000000060a800000|  0%| F|  |TAMS 0x000000060a600000, 0x000000060a600000| Untracked 
|  76|0x000000060a800000, 0x000000060a800000, 0x000000060aa00000|  0%| F|  |TAMS 0x000000060a800000, 0x000000060a800000| Untracked 
|  77|0x000000060aa00000, 0x000000060aa00000, 0x000000060ac00000|  0%| F|  |TAMS 0x000000060aa00000, 0x000000060aa00000| Untracked 
|  78|0x000000060ac00000, 0x000000060ac00000, 0x000000060ae00000|  0%| F|  |TAMS 0x000000060ac00000, 0x000000060ac00000| Untracked 
|  79|0x000000060ae00000, 0x000000060ae00000, 0x000000060b000000|  0%| F|  |TAMS 0x000000060ae00000, 0x000000060ae00000| Untracked 
|  80|0x000000060b000000, 0x000000060b000000, 0x000000060b200000|  0%| F|  |TAMS 0x000000060b000000, 0x000000060b000000| Untracked 
|  81|0x000000060b200000, 0x000000060b200000, 0x000000060b400000|  0%| F|  |TAMS 0x000000060b200000, 0x000000060b200000| Untracked 
|  82|0x000000060b400000, 0x000000060b400000, 0x000000060b600000|  0%| F|  |TAMS 0x000000060b400000, 0x000000060b400000| Untracked 
|  83|0x000000060b600000, 0x000000060b600000, 0x000000060b800000|  0%| F|  |TAMS 0x000000060b600000, 0x000000060b600000| Untracked 
|  84|0x000000060b800000, 0x000000060b800000, 0x000000060ba00000|  0%| F|  |TAMS 0x000000060b800000, 0x000000060b800000| Untracked 
|  85|0x000000060ba00000, 0x000000060ba00000, 0x000000060bc00000|  0%| F|  |TAMS 0x000000060ba00000, 0x000000060ba00000| Untracked 
|  86|0x000000060bc00000, 0x000000060bc00000, 0x000000060be00000|  0%| F|  |TAMS 0x000000060bc00000, 0x000000060bc00000| Untracked 
|  87|0x000000060be00000, 0x000000060be00000, 0x000000060c000000|  0%| F|  |TAMS 0x000000060be00000, 0x000000060be00000| Untracked 
|  88|0x000000060c000000, 0x000000060c000000, 0x000000060c200000|  0%| F|  |TAMS 0x000000060c000000, 0x000000060c000000| Untracked 
|  89|0x000000060c200000, 0x000000060c200000, 0x000000060c400000|  0%| F|  |TAMS 0x000000060c200000, 0x000000060c200000| Untracked 
|  90|0x000000060c400000, 0x000000060c400000, 0x000000060c600000|  0%| F|  |TAMS 0x000000060c400000, 0x000000060c400000| Untracked 
|  91|0x000000060c600000, 0x000000060c600000, 0x000000060c800000|  0%| F|  |TAMS 0x000000060c600000, 0x000000060c600000| Untracked 
|  92|0x000000060c800000, 0x000000060c800000, 0x000000060ca00000|  0%| F|  |TAMS 0x000000060c800000, 0x000000060c800000| Untracked 
|  93|0x000000060ca00000, 0x000000060ca00000, 0x000000060cc00000|  0%| F|  |TAMS 0x000000060ca00000, 0x000000060ca00000| Untracked 
|  94|0x000000060cc00000, 0x000000060cc00000, 0x000000060ce00000|  0%| F|  |TAMS 0x000000060cc00000, 0x000000060cc00000| Untracked 
|  95|0x000000060ce00000, 0x000000060ce00000, 0x000000060d000000|  0%| F|  |TAMS 0x000000060ce00000, 0x000000060ce00000| Untracked 
|  96|0x000000060d000000, 0x000000060d000000, 0x000000060d200000|  0%| F|  |TAMS 0x000000060d000000, 0x000000060d000000| Untracked 
|  97|0x000000060d200000, 0x000000060d200000, 0x000000060d400000|  0%| F|  |TAMS 0x000000060d200000, 0x000000060d200000| Untracked 
|  98|0x000000060d400000, 0x000000060d400000, 0x000000060d600000|  0%| F|  |TAMS 0x000000060d400000, 0x000000060d400000| Untracked 
|  99|0x000000060d600000, 0x000000060d600000, 0x000000060d800000|  0%| F|  |TAMS 0x000000060d600000, 0x000000060d600000| Untracked 
| 100|0x000000060d800000, 0x000000060d800000, 0x000000060da00000|  0%| F|  |TAMS 0x000000060d800000, 0x000000060d800000| Untracked 
| 101|0x000000060da00000, 0x000000060da00000, 0x000000060dc00000|  0%| F|  |TAMS 0x000000060da00000, 0x000000060da00000| Untracked 
| 102|0x000000060dc00000, 0x000000060dc00000, 0x000000060de00000|  0%| F|  |TAMS 0x000000060dc00000, 0x000000060dc00000| Untracked 
| 103|0x000000060de00000, 0x000000060de00000, 0x000000060e000000|  0%| F|  |TAMS 0x000000060de00000, 0x000000060de00000| Untracked 
| 104|0x000000060e000000, 0x000000060e000000, 0x000000060e200000|  0%| F|  |TAMS 0x000000060e000000, 0x000000060e000000| Untracked 
| 105|0x000000060e200000, 0x000000060e200000, 0x000000060e400000|  0%| F|  |TAMS 0x000000060e200000, 0x000000060e200000| Untracked 
| 106|0x000000060e400000, 0x000000060e400000, 0x000000060e600000|  0%| F|  |TAMS 0x000000060e400000, 0x000000060e400000| Untracked 
| 107|0x000000060e600000, 0x000000060e600000, 0x000000060e800000|  0%| F|  |TAMS 0x000000060e600000, 0x000000060e600000| Untracked 
| 108|0x000000060e800000, 0x000000060e800000, 0x000000060ea00000|  0%| F|  |TAMS 0x000000060e800000, 0x000000060e800000| Untracked 
| 109|0x000000060ea00000, 0x000000060ea00000, 0x000000060ec00000|  0%| F|  |TAMS 0x000000060ea00000, 0x000000060ea00000| Untracked 
| 110|0x000000060ec00000, 0x000000060ec00000, 0x000000060ee00000|  0%| F|  |TAMS 0x000000060ec00000, 0x000000060ec00000| Untracked 
| 111|0x000000060ee00000, 0x000000060ee00000, 0x000000060f000000|  0%| F|  |TAMS 0x000000060ee00000, 0x000000060ee00000| Untracked 
| 112|0x000000060f000000, 0x000000060f000000, 0x000000060f200000|  0%| F|  |TAMS 0x000000060f000000, 0x000000060f000000| Untracked 
| 113|0x000000060f200000, 0x000000060f200000, 0x000000060f400000|  0%| F|  |TAMS 0x000000060f200000, 0x000000060f200000| Untracked 
| 114|0x000000060f400000, 0x000000060f400000, 0x000000060f600000|  0%| F|  |TAMS 0x000000060f400000, 0x000000060f400000| Untracked 
| 115|0x000000060f600000, 0x000000060f600000, 0x000000060f800000|  0%| F|  |TAMS 0x000000060f600000, 0x000000060f600000| Untracked 
| 116|0x000000060f800000, 0x000000060f800000, 0x000000060fa00000|  0%| F|  |TAMS 0x000000060f800000, 0x000000060f800000| Untracked 
| 117|0x000000060fa00000, 0x000000060fa00000, 0x000000060fc00000|  0%| F|  |TAMS 0x000000060fa00000, 0x000000060fa00000| Untracked 
| 118|0x000000060fc00000, 0x000000060fc00000, 0x000000060fe00000|  0%| F|  |TAMS 0x000000060fc00000, 0x000000060fc00000| Untracked 
| 119|0x000000060fe00000, 0x000000060fe00000, 0x0000000610000000|  0%| F|  |TAMS 0x000000060fe00000, 0x000000060fe00000| Untracked 
| 120|0x0000000610000000, 0x0000000610000000, 0x0000000610200000|  0%| F|  |TAMS 0x0000000610000000, 0x0000000610000000| Untracked 
| 121|0x0000000610200000, 0x0000000610200000, 0x0000000610400000|  0%| F|  |TAMS 0x0000000610200000, 0x0000000610200000| Untracked 
| 122|0x0000000610400000, 0x0000000610400000, 0x0000000610600000|  0%| F|  |TAMS 0x0000000610400000, 0x0000000610400000| Untracked 
| 123|0x0000000610600000, 0x0000000610600000, 0x0000000610800000|  0%| F|  |TAMS 0x0000000610600000, 0x0000000610600000| Untracked 
| 124|0x0000000610800000, 0x0000000610800000, 0x0000000610a00000|  0%| F|  |TAMS 0x0000000610800000, 0x0000000610800000| Untracked 
| 125|0x0000000610a00000, 0x0000000610a00000, 0x0000000610c00000|  0%| F|  |TAMS 0x0000000610a00000, 0x0000000610a00000| Untracked 
| 126|0x0000000610c00000, 0x0000000610c00000, 0x0000000610e00000|  0%| F|  |TAMS 0x0000000610c00000, 0x0000000610c00000| Untracked 
| 127|0x0000000610e00000, 0x0000000610e00000, 0x0000000611000000|  0%| F|  |TAMS 0x0000000610e00000, 0x0000000610e00000| Untracked 
| 128|0x0000000611000000, 0x0000000611000000, 0x0000000611200000|  0%| F|  |TAMS 0x0000000611000000, 0x0000000611000000| Untracked 
| 129|0x0000000611200000, 0x0000000611200000, 0x0000000611400000|  0%| F|  |TAMS 0x0000000611200000, 0x0000000611200000| Untracked 
| 130|0x0000000611400000, 0x0000000611400000, 0x0000000611600000|  0%| F|  |TAMS 0x0000000611400000, 0x0000000611400000| Untracked 
| 131|0x0000000611600000, 0x0000000611600000, 0x0000000611800000|  0%| F|  |TAMS 0x0000000611600000, 0x0000000611600000| Untracked 
| 132|0x0000000611800000, 0x0000000611800000, 0x0000000611a00000|  0%| F|  |TAMS 0x0000000611800000, 0x0000000611800000| Untracked 
| 133|0x0000000611a00000, 0x0000000611a00000, 0x0000000611c00000|  0%| F|  |TAMS 0x0000000611a00000, 0x0000000611a00000| Untracked 
| 134|0x0000000611c00000, 0x0000000611c00000, 0x0000000611e00000|  0%| F|  |TAMS 0x0000000611c00000, 0x0000000611c00000| Untracked 
| 135|0x0000000611e00000, 0x0000000611e00000, 0x0000000612000000|  0%| F|  |TAMS 0x0000000611e00000, 0x0000000611e00000| Untracked 
| 136|0x0000000612000000, 0x0000000612000000, 0x0000000612200000|  0%| F|  |TAMS 0x0000000612000000, 0x0000000612000000| Untracked 
| 137|0x0000000612200000, 0x0000000612200000, 0x0000000612400000|  0%| F|  |TAMS 0x0000000612200000, 0x0000000612200000| Untracked 
| 138|0x0000000612400000, 0x0000000612400000, 0x0000000612600000|  0%| F|  |TAMS 0x0000000612400000, 0x0000000612400000| Untracked 
| 139|0x0000000612600000, 0x0000000612600000, 0x0000000612800000|  0%| F|  |TAMS 0x0000000612600000, 0x0000000612600000| Untracked 
| 140|0x0000000612800000, 0x0000000612800000, 0x0000000612a00000|  0%| F|  |TAMS 0x0000000612800000, 0x0000000612800000| Untracked 
| 141|0x0000000612a00000, 0x0000000612a00000, 0x0000000612c00000|  0%| F|  |TAMS 0x0000000612a00000, 0x0000000612a00000| Untracked 
| 142|0x0000000612c00000, 0x0000000612c00000, 0x0000000612e00000|  0%| F|  |TAMS 0x0000000612c00000, 0x0000000612c00000| Untracked 
| 143|0x0000000612e00000, 0x0000000612e00000, 0x0000000613000000|  0%| F|  |TAMS 0x0000000612e00000, 0x0000000612e00000| Untracked 
| 144|0x0000000613000000, 0x0000000613000000, 0x0000000613200000|  0%| F|  |TAMS 0x0000000613000000, 0x0000000613000000| Untracked 
| 145|0x0000000613200000, 0x0000000613200000, 0x0000000613400000|  0%| F|  |TAMS 0x0000000613200000, 0x0000000613200000| Untracked 
| 146|0x0000000613400000, 0x0000000613400000, 0x0000000613600000|  0%| F|  |TAMS 0x0000000613400000, 0x0000000613400000| Untracked 
| 147|0x0000000613600000, 0x0000000613600000, 0x0000000613800000|  0%| F|  |TAMS 0x0000000613600000, 0x0000000613600000| Untracked 
| 148|0x0000000613800000, 0x0000000613800000, 0x0000000613a00000|  0%| F|  |TAMS 0x0000000613800000, 0x0000000613800000| Untracked 
| 149|0x0000000613a00000, 0x0000000613a00000, 0x0000000613c00000|  0%| F|  |TAMS 0x0000000613a00000, 0x0000000613a00000| Untracked 
| 150|0x0000000613c00000, 0x0000000613c00000, 0x0000000613e00000|  0%| F|  |TAMS 0x0000000613c00000, 0x0000000613c00000| Untracked 
| 151|0x0000000613e00000, 0x0000000613e00000, 0x0000000614000000|  0%| F|  |TAMS 0x0000000613e00000, 0x0000000613e00000| Untracked 
| 152|0x0000000614000000, 0x0000000614200000, 0x0000000614200000|100%| E|  |TAMS 0x0000000614000000, 0x0000000614000000| Complete 
| 153|0x0000000614200000, 0x0000000614400000, 0x0000000614400000|100%| E|CS|TAMS 0x0000000614200000, 0x0000000614200000| Complete 
| 154|0x0000000614400000, 0x0000000614600000, 0x0000000614600000|100%| E|CS|TAMS 0x0000000614400000, 0x0000000614400000| Complete 
| 155|0x0000000614600000, 0x0000000614800000, 0x0000000614800000|100%| E|CS|TAMS 0x0000000614600000, 0x0000000614600000| Complete 
| 156|0x0000000614800000, 0x0000000614a00000, 0x0000000614a00000|100%| E|CS|TAMS 0x0000000614800000, 0x0000000614800000| Complete 
| 157|0x0000000614a00000, 0x0000000614c00000, 0x0000000614c00000|100%| E|CS|TAMS 0x0000000614a00000, 0x0000000614a00000| Complete 
| 158|0x0000000614c00000, 0x0000000614e00000, 0x0000000614e00000|100%| E|CS|TAMS 0x0000000614c00000, 0x0000000614c00000| Complete 
| 159|0x0000000614e00000, 0x0000000615000000, 0x0000000615000000|100%| E|CS|TAMS 0x0000000614e00000, 0x0000000614e00000| Complete 
| 160|0x0000000615000000, 0x0000000615200000, 0x0000000615200000|100%| E|CS|TAMS 0x0000000615000000, 0x0000000615000000| Complete 
| 161|0x0000000615200000, 0x0000000615400000, 0x0000000615400000|100%| E|CS|TAMS 0x0000000615200000, 0x0000000615200000| Complete 
| 162|0x0000000615400000, 0x0000000615600000, 0x0000000615600000|100%| E|CS|TAMS 0x0000000615400000, 0x0000000615400000| Complete 
| 163|0x0000000615600000, 0x0000000615800000, 0x0000000615800000|100%| E|CS|TAMS 0x0000000615600000, 0x0000000615600000| Complete 
| 164|0x0000000615800000, 0x0000000615a00000, 0x0000000615a00000|100%| E|CS|TAMS 0x0000000615800000, 0x0000000615800000| Complete 
| 165|0x0000000615a00000, 0x0000000615c00000, 0x0000000615c00000|100%| E|CS|TAMS 0x0000000615a00000, 0x0000000615a00000| Complete 
| 166|0x0000000615c00000, 0x0000000615e00000, 0x0000000615e00000|100%| E|CS|TAMS 0x0000000615c00000, 0x0000000615c00000| Complete 
| 167|0x0000000615e00000, 0x0000000616000000, 0x0000000616000000|100%| E|CS|TAMS 0x0000000615e00000, 0x0000000615e00000| Complete 
| 168|0x0000000616000000, 0x0000000616200000, 0x0000000616200000|100%| E|CS|TAMS 0x0000000616000000, 0x0000000616000000| Complete 
| 169|0x0000000616200000, 0x0000000616400000, 0x0000000616400000|100%| E|CS|TAMS 0x0000000616200000, 0x0000000616200000| Complete 
| 170|0x0000000616400000, 0x0000000616600000, 0x0000000616600000|100%| E|CS|TAMS 0x0000000616400000, 0x0000000616400000| Complete 
| 171|0x0000000616600000, 0x0000000616800000, 0x0000000616800000|100%| E|CS|TAMS 0x0000000616600000, 0x0000000616600000| Complete 
| 172|0x0000000616800000, 0x0000000616a00000, 0x0000000616a00000|100%| E|CS|TAMS 0x0000000616800000, 0x0000000616800000| Complete 
| 173|0x0000000616a00000, 0x0000000616c00000, 0x0000000616c00000|100%| E|CS|TAMS 0x0000000616a00000, 0x0000000616a00000| Complete 
| 174|0x0000000616c00000, 0x0000000616e00000, 0x0000000616e00000|100%| E|CS|TAMS 0x0000000616c00000, 0x0000000616c00000| Complete 
| 175|0x0000000616e00000, 0x0000000617000000, 0x0000000617000000|100%| E|CS|TAMS 0x0000000616e00000, 0x0000000616e00000| Complete 
| 176|0x0000000617000000, 0x0000000617200000, 0x0000000617200000|100%| E|CS|TAMS 0x0000000617000000, 0x0000000617000000| Complete 
| 177|0x0000000617200000, 0x0000000617400000, 0x0000000617400000|100%| E|CS|TAMS 0x0000000617200000, 0x0000000617200000| Complete 
| 178|0x0000000617400000, 0x0000000617600000, 0x0000000617600000|100%| E|CS|TAMS 0x0000000617400000, 0x0000000617400000| Complete 
| 179|0x0000000617600000, 0x0000000617800000, 0x0000000617800000|100%| E|CS|TAMS 0x0000000617600000, 0x0000000617600000| Complete 
| 180|0x0000000617800000, 0x00000006179d1d20, 0x0000000617a00000| 90%| S|CS|TAMS 0x0000000617800000, 0x0000000617800000| Complete 
| 181|0x0000000617a00000, 0x0000000617c00000, 0x0000000617c00000|100%| S|CS|TAMS 0x0000000617a00000, 0x0000000617a00000| Complete 
| 182|0x0000000617c00000, 0x0000000617e00000, 0x0000000617e00000|100%| S|CS|TAMS 0x0000000617c00000, 0x0000000617c00000| Complete 
| 183|0x0000000617e00000, 0x0000000618000000, 0x0000000618000000|100%| S|CS|TAMS 0x0000000617e00000, 0x0000000617e00000| Complete 
| 184|0x0000000618000000, 0x0000000618200000, 0x0000000618200000|100%| S|CS|TAMS 0x0000000618000000, 0x0000000618000000| Complete 
| 185|0x0000000618200000, 0x0000000618400000, 0x0000000618400000|100%| E|CS|TAMS 0x0000000618200000, 0x0000000618200000| Complete 
| 186|0x0000000618400000, 0x0000000618600000, 0x0000000618600000|100%| E|CS|TAMS 0x0000000618400000, 0x0000000618400000| Complete 
| 187|0x0000000618600000, 0x0000000618800000, 0x0000000618800000|100%| E|CS|TAMS 0x0000000618600000, 0x0000000618600000| Complete 
| 188|0x0000000618800000, 0x0000000618a00000, 0x0000000618a00000|100%| E|CS|TAMS 0x0000000618800000, 0x0000000618800000| Complete 
| 189|0x0000000618a00000, 0x0000000618c00000, 0x0000000618c00000|100%| E|CS|TAMS 0x0000000618a00000, 0x0000000618a00000| Complete 
| 190|0x0000000618c00000, 0x0000000618e00000, 0x0000000618e00000|100%| E|CS|TAMS 0x0000000618c00000, 0x0000000618c00000| Complete 
| 191|0x0000000618e00000, 0x0000000619000000, 0x0000000619000000|100%| E|CS|TAMS 0x0000000618e00000, 0x0000000618e00000| Complete 
| 192|0x0000000619000000, 0x0000000619200000, 0x0000000619200000|100%| E|CS|TAMS 0x0000000619000000, 0x0000000619000000| Complete 
| 193|0x0000000619200000, 0x0000000619400000, 0x0000000619400000|100%| E|CS|TAMS 0x0000000619200000, 0x0000000619200000| Complete 
| 194|0x0000000619400000, 0x0000000619600000, 0x0000000619600000|100%| E|CS|TAMS 0x0000000619400000, 0x0000000619400000| Complete 
| 195|0x0000000619600000, 0x0000000619800000, 0x0000000619800000|100%| E|CS|TAMS 0x0000000619600000, 0x0000000619600000| Complete 
| 196|0x0000000619800000, 0x0000000619a00000, 0x0000000619a00000|100%| E|CS|TAMS 0x0000000619800000, 0x0000000619800000| Complete 
| 197|0x0000000619a00000, 0x0000000619c00000, 0x0000000619c00000|100%| E|CS|TAMS 0x0000000619a00000, 0x0000000619a00000| Complete 
| 198|0x0000000619c00000, 0x0000000619e00000, 0x0000000619e00000|100%| E|CS|TAMS 0x0000000619c00000, 0x0000000619c00000| Complete 
| 199|0x0000000619e00000, 0x000000061a000000, 0x000000061a000000|100%| E|CS|TAMS 0x0000000619e00000, 0x0000000619e00000| Complete 
| 200|0x000000061a000000, 0x000000061a200000, 0x000000061a200000|100%| E|CS|TAMS 0x000000061a000000, 0x000000061a000000| Complete 
| 201|0x000000061a200000, 0x000000061a400000, 0x000000061a400000|100%| E|CS|TAMS 0x000000061a200000, 0x000000061a200000| Complete 
| 202|0x000000061a400000, 0x000000061a600000, 0x000000061a600000|100%| E|CS|TAMS 0x000000061a400000, 0x000000061a400000| Complete 
| 203|0x000000061a600000, 0x000000061a800000, 0x000000061a800000|100%| E|CS|TAMS 0x000000061a600000, 0x000000061a600000| Complete 
| 204|0x000000061a800000, 0x000000061aa00000, 0x000000061aa00000|100%| E|CS|TAMS 0x000000061a800000, 0x000000061a800000| Complete 
| 205|0x000000061aa00000, 0x000000061ac00000, 0x000000061ac00000|100%| E|CS|TAMS 0x000000061aa00000, 0x000000061aa00000| Complete 
| 206|0x000000061ac00000, 0x000000061ae00000, 0x000000061ae00000|100%| E|CS|TAMS 0x000000061ac00000, 0x000000061ac00000| Complete 
| 207|0x000000061ae00000, 0x000000061b000000, 0x000000061b000000|100%| E|CS|TAMS 0x000000061ae00000, 0x000000061ae00000| Complete 
| 208|0x000000061b000000, 0x000000061b200000, 0x000000061b200000|100%| E|CS|TAMS 0x000000061b000000, 0x000000061b000000| Complete 
| 209|0x000000061b200000, 0x000000061b400000, 0x000000061b400000|100%| E|CS|TAMS 0x000000061b200000, 0x000000061b200000| Complete 
| 210|0x000000061b400000, 0x000000061b600000, 0x000000061b600000|100%| E|CS|TAMS 0x000000061b400000, 0x000000061b400000| Complete 
| 211|0x000000061b600000, 0x000000061b800000, 0x000000061b800000|100%| E|CS|TAMS 0x000000061b600000, 0x000000061b600000| Complete 
| 212|0x000000061b800000, 0x000000061ba00000, 0x000000061ba00000|100%| E|CS|TAMS 0x000000061b800000, 0x000000061b800000| Complete 
| 213|0x000000061ba00000, 0x000000061bc00000, 0x000000061bc00000|100%| E|CS|TAMS 0x000000061ba00000, 0x000000061ba00000| Complete 
| 214|0x000000061bc00000, 0x000000061be00000, 0x000000061be00000|100%| E|CS|TAMS 0x000000061bc00000, 0x000000061bc00000| Complete 
| 215|0x000000061be00000, 0x000000061c000000, 0x000000061c000000|100%| E|CS|TAMS 0x000000061be00000, 0x000000061be00000| Complete 
| 216|0x000000061c000000, 0x000000061c200000, 0x000000061c200000|100%| E|CS|TAMS 0x000000061c000000, 0x000000061c000000| Complete 
| 217|0x000000061c200000, 0x000000061c400000, 0x000000061c400000|100%| E|CS|TAMS 0x000000061c200000, 0x000000061c200000| Complete 
| 218|0x000000061c400000, 0x000000061c600000, 0x000000061c600000|100%| E|CS|TAMS 0x000000061c400000, 0x000000061c400000| Complete 
| 219|0x000000061c600000, 0x000000061c800000, 0x000000061c800000|100%| E|CS|TAMS 0x000000061c600000, 0x000000061c600000| Complete 
| 220|0x000000061c800000, 0x000000061ca00000, 0x000000061ca00000|100%| E|CS|TAMS 0x000000061c800000, 0x000000061c800000| Complete 
| 221|0x000000061ca00000, 0x000000061cc00000, 0x000000061cc00000|100%| E|CS|TAMS 0x000000061ca00000, 0x000000061ca00000| Complete 
| 222|0x000000061cc00000, 0x000000061ce00000, 0x000000061ce00000|100%| E|CS|TAMS 0x000000061cc00000, 0x000000061cc00000| Complete 
| 223|0x000000061ce00000, 0x000000061d000000, 0x000000061d000000|100%| E|CS|TAMS 0x000000061ce00000, 0x000000061ce00000| Complete 
| 224|0x000000061d000000, 0x000000061d200000, 0x000000061d200000|100%| E|CS|TAMS 0x000000061d000000, 0x000000061d000000| Complete 
| 225|0x000000061d200000, 0x000000061d400000, 0x000000061d400000|100%| E|CS|TAMS 0x000000061d200000, 0x000000061d200000| Complete 
| 226|0x000000061d400000, 0x000000061d600000, 0x000000061d600000|100%| E|CS|TAMS 0x000000061d400000, 0x000000061d400000| Complete 
| 227|0x000000061d600000, 0x000000061d800000, 0x000000061d800000|100%| E|CS|TAMS 0x000000061d600000, 0x000000061d600000| Complete 
| 228|0x000000061d800000, 0x000000061da00000, 0x000000061da00000|100%| E|CS|TAMS 0x000000061d800000, 0x000000061d800000| Complete 
| 229|0x000000061da00000, 0x000000061dc00000, 0x000000061dc00000|100%| E|CS|TAMS 0x000000061da00000, 0x000000061da00000| Complete 
| 230|0x000000061dc00000, 0x000000061de00000, 0x000000061de00000|100%| E|CS|TAMS 0x000000061dc00000, 0x000000061dc00000| Complete 
| 231|0x000000061de00000, 0x000000061e000000, 0x000000061e000000|100%| E|CS|TAMS 0x000000061de00000, 0x000000061de00000| Complete 
| 232|0x000000061e000000, 0x000000061e200000, 0x000000061e200000|100%| E|CS|TAMS 0x000000061e000000, 0x000000061e000000| Complete 
| 233|0x000000061e200000, 0x000000061e400000, 0x000000061e400000|100%| E|CS|TAMS 0x000000061e200000, 0x000000061e200000| Complete 
| 234|0x000000061e400000, 0x000000061e600000, 0x000000061e600000|100%| E|CS|TAMS 0x000000061e400000, 0x000000061e400000| Complete 
| 235|0x000000061e600000, 0x000000061e800000, 0x000000061e800000|100%| E|CS|TAMS 0x000000061e600000, 0x000000061e600000| Complete 
| 236|0x000000061e800000, 0x000000061ea00000, 0x000000061ea00000|100%| E|CS|TAMS 0x000000061e800000, 0x000000061e800000| Complete 
| 237|0x000000061ea00000, 0x000000061ec00000, 0x000000061ec00000|100%| E|CS|TAMS 0x000000061ea00000, 0x000000061ea00000| Complete 
| 238|0x000000061ec00000, 0x000000061ee00000, 0x000000061ee00000|100%| E|CS|TAMS 0x000000061ec00000, 0x000000061ec00000| Complete 
| 239|0x000000061ee00000, 0x000000061f000000, 0x000000061f000000|100%| E|CS|TAMS 0x000000061ee00000, 0x000000061ee00000| Complete 
| 240|0x000000061f000000, 0x000000061f200000, 0x000000061f200000|100%| E|CS|TAMS 0x000000061f000000, 0x000000061f000000| Complete 
| 241|0x000000061f200000, 0x000000061f400000, 0x000000061f400000|100%| E|CS|TAMS 0x000000061f200000, 0x000000061f200000| Complete 
| 242|0x000000061f400000, 0x000000061f600000, 0x000000061f600000|100%| E|CS|TAMS 0x000000061f400000, 0x000000061f400000| Complete 
| 243|0x000000061f600000, 0x000000061f800000, 0x000000061f800000|100%| E|CS|TAMS 0x000000061f600000, 0x000000061f600000| Complete 
| 244|0x000000061f800000, 0x000000061fa00000, 0x000000061fa00000|100%| E|CS|TAMS 0x000000061f800000, 0x000000061f800000| Complete 
| 245|0x000000061fa00000, 0x000000061fc00000, 0x000000061fc00000|100%| E|CS|TAMS 0x000000061fa00000, 0x000000061fa00000| Complete 
| 246|0x000000061fc00000, 0x000000061fe00000, 0x000000061fe00000|100%| E|CS|TAMS 0x000000061fc00000, 0x000000061fc00000| Complete 
| 247|0x000000061fe00000, 0x0000000620000000, 0x0000000620000000|100%| E|CS|TAMS 0x000000061fe00000, 0x000000061fe00000| Complete 
| 248|0x0000000620000000, 0x0000000620200000, 0x0000000620200000|100%| E|CS|TAMS 0x0000000620000000, 0x0000000620000000| Complete 
| 249|0x0000000620200000, 0x0000000620400000, 0x0000000620400000|100%| E|CS|TAMS 0x0000000620200000, 0x0000000620200000| Complete 
| 250|0x0000000620400000, 0x0000000620600000, 0x0000000620600000|100%| E|CS|TAMS 0x0000000620400000, 0x0000000620400000| Complete 
| 251|0x0000000620600000, 0x0000000620800000, 0x0000000620800000|100%| E|CS|TAMS 0x0000000620600000, 0x0000000620600000| Complete 
| 252|0x0000000620800000, 0x0000000620a00000, 0x0000000620a00000|100%| E|CS|TAMS 0x0000000620800000, 0x0000000620800000| Complete 
| 253|0x0000000620a00000, 0x0000000620c00000, 0x0000000620c00000|100%| E|CS|TAMS 0x0000000620a00000, 0x0000000620a00000| Complete 
| 254|0x0000000620c00000, 0x0000000620e00000, 0x0000000620e00000|100%| E|CS|TAMS 0x0000000620c00000, 0x0000000620c00000| Complete 
| 255|0x0000000620e00000, 0x0000000621000000, 0x0000000621000000|100%| E|CS|TAMS 0x0000000620e00000, 0x0000000620e00000| Complete 

Card table byte_map: [0x0000018824bb0000,0x0000018825bb0000] _byte_map_base: 0x0000018821ba8000

Marking Bits (Prev, Next): (CMBitMap*) 0x000001880c516048, (CMBitMap*) 0x000001880c516080
 Prev Bits: [0x0000018826bb0000, 0x000001882eb70000)
 Next Bits: [0x000001882eb70000, 0x0000018836b30000)

Polling page: 0x000001880bc50000

Metaspace:

Usage:
  Non-class:     47.59 MB capacity,    46.73 MB ( 98%) used,   707.63 KB (  1%) free+waste,   173.44 KB ( <1%) overhead. 
      Class:      7.64 MB capacity,     7.04 MB ( 92%) used,   538.43 KB (  7%) free+waste,    84.44 KB (  1%) overhead. 
       Both:     55.23 MB capacity,    53.76 MB ( 97%) used,     1.22 MB (  2%) free+waste,   257.88 KB ( <1%) overhead. 

Virtual space:
  Non-class space:       48.00 MB reserved,      47.67 MB (>99%) committed 
      Class space:        1.00 GB reserved,       7.75 MB ( <1%) committed 
             Both:        1.05 GB reserved,      55.42 MB (  5%) committed 

Chunk freelists:
   Non-Class:  2.00 KB
       Class:  1.63 KB
        Both:  3.63 KB

CodeHeap 'non-profiled nmethods': size=238336Kb used=7690Kb max_used=7690Kb free=230645Kb
 bounds [0x0000018814fc0000, 0x0000018815750000, 0x0000018823880000]
CodeHeap 'non-nmethods': size=7424Kb used=1259Kb max_used=1259Kb free=6164Kb
 bounds [0x0000018814880000, 0x0000018814af0000, 0x0000018814fc0000]
 total_blobs=5361 nmethods=4688 adapters=553
 compilation: enabled
              stopped_count=0, restarted_count=0
 full_count=0

Compilation events (10 events):
Event: 3.914 Thread 0x000001883a074000 4712       1       java.lang.Integer::toUnsignedString0 (78 bytes)
Event: 3.914 Thread 0x000001883a074000 nmethod 4712 0x0000018815740790 code [0x0000018815740940, 0x0000018815740c40]
Event: 3.915 Thread 0x000001883a074000 4714       1       java.io.BufferedInputStream::getInIfOpen (21 bytes)
Event: 3.915 Thread 0x000001883a074000 nmethod 4714 0x0000018815740d90 code [0x0000018815740f40, 0x0000018815741130]
Event: 4.921 Thread 0x000001883a074000 4715       1       java.io.BufferedInputStream::fill (236 bytes)
Event: 4.921 Thread 0x000001883a074000 nmethod 4715 0x0000018815741210 code [0x0000018815741440, 0x0000018815741c30]
Event: 4.922 Thread 0x000001883a074000 4716       1       java.io.ObjectOutputStream::writeByte (9 bytes)
Event: 4.922 Thread 0x000001883a074000 nmethod 4716 0x0000018815741e90 code [0x0000018815742040, 0x00000188157421f0]
Event: 4.923 Thread 0x000001883a074000 4717       1       java.io.ObjectOutputStream::writeClassDesc (60 bytes)
Event: 4.923 Thread 0x000001883a074000 nmethod 4717 0x0000018815742310 code [0x0000018815742520, 0x0000018815742890]

GC Heap History (10 events):
Event: 0.821 GC heap before
{Heap before GC invocations=2 (full 0):
 garbage-first heap   total 524288K, used 56386K [0x0000000601000000, 0x0000000800000000)
  region size 2048K, 26 young (53248K), 1 survivors (2048K)
 Metaspace       used 19706K, capacity 20330K, committed 20480K, reserved 1067008K
  class space    used 2195K, capacity 2438K, committed 2560K, reserved 1048576K
}
Event: 0.822 GC heap after
{Heap after GC invocations=3 (full 0):
 garbage-first heap   total 524288K, used 8326K [0x0000000601000000, 0x0000000800000000)
  region size 2048K, 1 young (2048K), 1 survivors (2048K)
 Metaspace       used 19706K, capacity 20330K, committed 20480K, reserved 1067008K
  class space    used 2195K, capacity 2438K, committed 2560K, reserved 1048576K
}
Event: 0.851 GC heap before
{Heap before GC invocations=3 (full 0):
 garbage-first heap   total 524288K, used 12422K [0x0000000601000000, 0x0000000800000000)
  region size 2048K, 4 young (8192K), 1 survivors (2048K)
 Metaspace       used 20364K, capacity 20996K, committed 21248K, reserved 1069056K
  class space    used 2318K, capacity 2556K, committed 2560K, reserved 1048576K
}
Event: 0.853 GC heap after
{Heap after GC invocations=4 (full 0):
 garbage-first heap   total 524288K, used 8478K [0x0000000601000000, 0x0000000800000000)
  region size 2048K, 1 young (2048K), 1 survivors (2048K)
 Metaspace       used 20364K, capacity 20996K, committed 21248K, reserved 1069056K
  class space    used 2318K, capacity 2556K, committed 2560K, reserved 1048576K
}
Event: 1.339 GC heap before
{Heap before GC invocations=5 (full 0):
 garbage-first heap   total 524288K, used 125214K [0x0000000601000000, 0x0000000800000000)
  region size 2048K, 58 young (118784K), 1 survivors (2048K)
 Metaspace       used 23221K, capacity 23929K, committed 24064K, reserved 1071104K
  class space    used 2698K, capacity 2976K, committed 3072K, reserved 1048576K
}
Event: 1.342 GC heap after
{Heap after GC invocations=6 (full 0):
 garbage-first heap   total 524288K, used 12268K [0x0000000601000000, 0x0000000800000000)
  region size 2048K, 3 young (6144K), 3 survivors (6144K)
 Metaspace       used 23221K, capacity 23929K, committed 24064K, reserved 1071104K
  class space    used 2698K, capacity 2976K, committed 3072K, reserved 1048576K
}
Event: 1.854 GC heap before
{Heap before GC invocations=6 (full 0):
 garbage-first heap   total 524288K, used 165868K [0x0000000601000000, 0x0000000800000000)
  region size 2048K, 79 young (161792K), 3 survivors (6144K)
 Metaspace       used 27379K, capacity 28390K, committed 28672K, reserved 1075200K
  class space    used 3317K, capacity 3725K, committed 3840K, reserved 1048576K
}
Event: 1.858 GC heap after
{Heap after GC invocations=7 (full 0):
 garbage-first heap   total 524288K, used 14415K [0x0000000601000000, 0x0000000800000000)
  region size 2048K, 4 young (8192K), 4 survivors (8192K)
 Metaspace       used 27379K, capacity 28390K, committed 28672K, reserved 1075200K
  class space    used 3317K, capacity 3725K, committed 3840K, reserved 1048576K
}
Event: 2.307 GC heap before
{Heap before GC invocations=7 (full 0):
 garbage-first heap   total 524288K, used 155727K [0x0000000601000000, 0x0000000800000000)
  region size 2048K, 75 young (153600K), 4 survivors (8192K)
 Metaspace       used 34300K, capacity 35528K, committed 35628K, reserved 1081344K
  class space    used 4198K, capacity 4692K, committed 4736K, reserved 1048576K
}
Event: 2.312 GC heap after
{Heap after GC invocations=8 (full 0):
 garbage-first heap   total 524288K, used 16945K [0x0000000601000000, 0x0000000800000000)
  region size 2048K, 5 young (10240K), 5 survivors (10240K)
 Metaspace       used 34300K, capacity 35528K, committed 35628K, reserved 1081344K
  class space    used 4198K, capacity 4692K, committed 4736K, reserved 1048576K
}

Deoptimization events (0 events):
No events

Classes redefined (0 events):
No events

Internal exceptions (10 events):
Event: 2.793 Thread 0x000001883a1bb800 Exception <a 'java/lang/ClassNotFoundException'{0x000000061d02f8a0}: org/springframework/beans/factory/AwareCustomizer> (0x000000061d02f8a0) thrown at [./open/src/hotspot/share/classfile/systemDictionary.cpp, line 228]
Event: 2.794 Thread 0x000001883a1bb800 Exception <a 'java/lang/ClassNotFoundException'{0x000000061d03ee78}: org/springframework/web/context/ServletContextAwareCustomizer> (0x000000061d03ee78) thrown at [./open/src/hotspot/share/classfile/systemDictionary.cpp, line 228]
Event: 2.794 Thread 0x000001883a1bb800 Exception <a 'java/lang/ClassNotFoundException'{0x000000061d04dd20}: org/springframework/beans/factory/AwareCustomizer> (0x000000061d04dd20) thrown at [./open/src/hotspot/share/classfile/systemDictionary.cpp, line 228]
Event: 2.904 Thread 0x000001883a1b9000 Exception <a 'java/lang/reflect/InvocationTargetException'{0x0000000620718bd0}> (0x0000000620718bd0) thrown at [./open/src/hotspot/share/runtime/reflection.cpp, line 1242]
Event: 2.923 Thread 0x000001883a1bb800 Exception <a 'java/lang/NoSuchMethodError'{0x000000061b385340}: java.lang.invoke.DirectMethodHandle$Holder.invokeInterface(Ljava/lang/Object;Ljava/lang/Object;Ljava/lang/Object;)Ljava/lang/Object;> (0x000000061b385340) thrown at [./open/src/hotspot/share/
Event: 2.923 Thread 0x000001883a1bb800 Exception <a 'java/lang/IncompatibleClassChangeError'{0x000000061b3882c8}: Found class java.lang.Object, but interface was expected> (0x000000061b3882c8) thrown at [./open/src/hotspot/share/interpreter/linkResolver.cpp, line 838]
Event: 2.940 Thread 0x000001883a1bb800 Exception <a 'java/lang/NoSuchMethodError'{0x000000061aee78d8}: java.lang.invoke.DirectMethodHandle$Holder.invokeStaticInit(Ljava/lang/Object;Ljava/lang/Object;Ljava/lang/Object;Ljava/lang/Object;)I> (0x000000061aee78d8) thrown at [./open/src/hotspot/shar
Event: 3.190 Thread 0x000001883e99c000 Exception <a 'java/lang/NoSuchMethodError'{0x0000000618bc8c90}: java.lang.invoke.DirectMethodHandle$Holder.newInvokeSpecial(Ljava/lang/Object;Ljava/lang/Object;ILjava/lang/Object;Ljava/lang/Object;)Ljava/lang/Object;> (0x0000000618bc8c90) thrown at [./ope
Event: 3.361 Thread 0x000001883e99c000 Exception <a 'java/lang/NoSuchMethodError'{0x00000006164c1cf8}: java.lang.invoke.DirectMethodHandle$Holder.invokeInterface(Ljava/lang/Object;Ljava/lang/Object;)V> (0x00000006164c1cf8) thrown at [./open/src/hotspot/share/interpreter/linkResolver.cpp, line 
Event: 3.366 Thread 0x000001883e99c000 Exception <a 'java/lang/NoSuchMethodError'{0x0000000616595a10}: java.lang.invoke.DirectMethodHandle$Holder.invokeStaticInit(Ljava/lang/Object;Ljava/lang/Object;Ljava/lang/Object;Ljava/lang/Object;II)Ljava/lang/Object;> (0x0000000616595a10) thrown at [./op

Events (10 events):
Event: 4.419 Executing VM operation: RevokeBias
Event: 4.419 Executing VM operation: RevokeBias done
Event: 4.420 Thread 0x000001883e99d000 Thread exited: 0x000001883e99d000
Event: 4.921 Thread 0x000001883e99d000 Thread added: 0x000001883e99d000
Event: 4.923 Executing VM operation: RevokeBias
Event: 4.923 Executing VM operation: RevokeBias done
Event: 4.923 Thread 0x000001883e99d000 Thread exited: 0x000001883e99d000
Event: 4.980 loading class org/springframework/boot/devtools/filewatch/FileSystemWatcher$Watcher
Event: 4.980 loading class org/springframework/boot/devtools/filewatch/FileSystemWatcher$Watcher done
Event: 4.981 Thread 0x000001883e99d000 Thread added: 0x000001883e99d000


Dynamic libraries:
0x00007ff600c40000 - 0x00007ff600c87000 	C:\Program Files\Java\jdk-11.0.7\bin\java.exe
0x00007fffa1d60000 - 0x00007fffa1f50000 	C:\Windows\SYSTEM32\ntdll.dll
0x00007fffa1a30000 - 0x00007fffa1ae2000 	C:\Windows\System32\KERNEL32.DLL
0x00007fff9f880000 - 0x00007fff9fb25000 	C:\Windows\System32\KERNELBASE.dll
0x00007fffa1af0000 - 0x00007fffa1b93000 	C:\Windows\System32\ADVAPI32.dll
0x00007fffa15f0000 - 0x00007fffa168e000 	C:\Windows\System32\msvcrt.dll
0x00007fffa1c50000 - 0x00007fffa1ce7000 	C:\Windows\System32\sechost.dll
0x00007fffa0ae0000 - 0x00007fffa0c00000 	C:\Windows\System32\RPCRT4.dll
0x00007fffa0c80000 - 0x00007fffa0e14000 	C:\Windows\System32\USER32.dll
0x00007fff9f000000 - 0x00007fff9f021000 	C:\Windows\System32\win32u.dll
0x00007fffa0e20000 - 0x00007fffa0e46000 	C:\Windows\System32\GDI32.dll
0x00007fff9fb30000 - 0x00007fff9fcc6000 	C:\Windows\System32\gdi32full.dll
0x00007fff9ee10000 - 0x00007fff9eeae000 	C:\Windows\System32\msvcp_win.dll
0x00007fff9ed10000 - 0x00007fff9ee0a000 	C:\Windows\System32\ucrtbase.dll
0x00007fff93d70000 - 0x00007fff93ff4000 	C:\Windows\WinSxS\amd64_microsoft.windows.common-controls_6595b64144ccf1df_6.0.18362.1139_none_9e7bf2d3e4605ac6\COMCTL32.dll
0x00007fff9ab30000 - 0x00007fff9ab3a000 	C:\Windows\SYSTEM32\VERSION.dll
0x00007fff9fde0000 - 0x00007fffa0115000 	C:\Windows\System32\combase.dll
0x00007fff9f800000 - 0x00007fff9f880000 	C:\Windows\System32\bcryptPrimitives.dll
0x00007fffa0e50000 - 0x00007fffa0e7e000 	C:\Windows\System32\IMM32.DLL
0x00007fff964f0000 - 0x00007fff96506000 	C:\Program Files\Java\jdk-11.0.7\bin\vcruntime140.dll
0x00007fff8a490000 - 0x00007fff8a53a000 	C:\Program Files\Java\jdk-11.0.7\bin\msvcp140.dll
0x00007fff5d500000 - 0x00007fff5e061000 	C:\Program Files\Java\jdk-11.0.7\bin\server\jvm.dll
0x00007fffa0120000 - 0x00007fffa0128000 	C:\Windows\System32\PSAPI.DLL
0x00007fff9b880000 - 0x00007fff9b8a4000 	C:\Windows\SYSTEM32\WINMM.dll
0x00007fff8fec0000 - 0x00007fff8fec9000 	C:\Windows\SYSTEM32\WSOCK32.dll
0x00007fffa0e90000 - 0x00007fffa0eff000 	C:\Windows\System32\WS2_32.dll
0x00007fff9b850000 - 0x00007fff9b87d000 	C:\Windows\SYSTEM32\WINMMBASE.dll
0x00007fff9ecc0000 - 0x00007fff9ed0a000 	C:\Windows\System32\cfgmgr32.dll
0x00007fff9ec50000 - 0x00007fff9ec61000 	C:\Windows\System32\kernel.appcore.dll
0x00007fff964d0000 - 0x00007fff964e1000 	C:\Program Files\Java\jdk-11.0.7\bin\verify.dll
0x00007fff8cb10000 - 0x00007fff8cd04000 	C:\Windows\SYSTEM32\DBGHELP.DLL
0x00007fff8ca50000 - 0x00007fff8ca7a000 	C:\Windows\SYSTEM32\dbgcore.DLL
0x00007fff95d20000 - 0x00007fff95d49000 	C:\Program Files\Java\jdk-11.0.7\bin\java.dll
0x00007fff9b970000 - 0x00007fff9b97a000 	C:\Program Files\Java\jdk-11.0.7\bin\jimage.dll
0x00007fff86850000 - 0x00007fff86880000 	C:\Program Files\Java\jdk-11.0.7\bin\instrument.dll
0x00007fff94580000 - 0x00007fff94596000 	C:\Program Files\Java\jdk-11.0.7\bin\zip.dll
0x00007fffa03f0000 - 0x00007fffa0ad7000 	C:\Windows\System32\SHELL32.dll
0x00007fffa1ba0000 - 0x00007fffa1c49000 	C:\Windows\System32\shcore.dll
0x00007fff9f030000 - 0x00007fff9f7b0000 	C:\Windows\System32\windows.storage.dll
0x00007fff9ec90000 - 0x00007fff9ecb3000 	C:\Windows\System32\profapi.dll
0x00007fff9ec00000 - 0x00007fff9ec4a000 	C:\Windows\System32\powrprof.dll
0x00007fff9ebf0000 - 0x00007fff9ec00000 	C:\Windows\System32\UMPDC.dll
0x00007fffa19d0000 - 0x00007fffa1a22000 	C:\Windows\System32\shlwapi.dll
0x00007fff9f7e0000 - 0x00007fff9f7f7000 	C:\Windows\System32\cryptsp.dll
0x00007fff94560000 - 0x00007fff94579000 	C:\Program Files\Java\jdk-11.0.7\bin\net.dll
0x00007fff93410000 - 0x00007fff93500000 	C:\Windows\SYSTEM32\WINHTTP.dll
0x00007fff9e440000 - 0x00007fff9e4a7000 	C:\Windows\system32\mswsock.dll
0x00007fff8c440000 - 0x00007fff8c453000 	C:\Program Files\Java\jdk-11.0.7\bin\nio.dll
0x00007fff8bc70000 - 0x00007fff8bc8a000 	C:\Program Files\JetBrains\IntelliJ IDEA 2020.2.3\bin\breakgen64.dll
0x00007fff9e1a0000 - 0x00007fff9e26b000 	C:\Windows\SYSTEM32\DNSAPI.dll
0x00007fffa0370000 - 0x00007fffa0378000 	C:\Windows\System32\NSI.dll
0x00007fff9e150000 - 0x00007fff9e18a000 	C:\Windows\SYSTEM32\IPHLPAPI.DLL
0x0000000053ce0000 - 0x0000000053d15000 	C:\Program Files\Bonjour\mdnsNSP.dll
0x00007fff933e0000 - 0x00007fff933ea000 	C:\Windows\System32\rasadhlp.dll
0x00007fff9aa40000 - 0x00007fff9aab7000 	C:\Windows\System32\fwpuclnt.dll
0x00007fff9f7b0000 - 0x00007fff9f7d6000 	C:\Windows\System32\bcrypt.dll
0x00007fff964c0000 - 0x00007fff964c9000 	C:\Program Files\Java\jdk-11.0.7\bin\management.dll
0x00007fff96380000 - 0x00007fff9638c000 	C:\Program Files\Java\jdk-11.0.7\bin\management_ext.dll
0x00007fff9dfb0000 - 0x00007fff9dfe3000 	C:\Windows\system32\rsaenh.dll
0x00007fff9eb10000 - 0x00007fff9eb35000 	C:\Windows\SYSTEM32\USERENV.dll
0x00007fff9e610000 - 0x00007fff9e61c000 	C:\Windows\SYSTEM32\CRYPTBASE.dll
0x00007fff9abb0000 - 0x00007fff9abc6000 	C:\Windows\SYSTEM32\dhcpcsvc6.DLL
0x00007fff9ac30000 - 0x00007fff9ac4c000 	C:\Windows\SYSTEM32\dhcpcsvc.DLL
0x00007fff946b0000 - 0x00007fff946c6000 	C:\Windows\system32\napinsp.dll
0x00007fff908f0000 - 0x00007fff9090a000 	C:\Windows\system32\pnrpnsp.dll
0x00007fff95b30000 - 0x00007fff95b3e000 	C:\Windows\System32\winrnr.dll
0x00007fff9b590000 - 0x00007fff9b5ac000 	C:\Windows\system32\NLAapi.dll
0x00007fff81ad0000 - 0x00007fff81ae5000 	C:\Windows\system32\wshbth.dll
0x00007fff96350000 - 0x00007fff9635e000 	C:\Program Files\Java\jdk-11.0.7\bin\sunmscapi.dll
0x00007fff9eeb0000 - 0x00007fff9eff9000 	C:\Windows\System32\CRYPT32.dll
0x00007fff9ec70000 - 0x00007fff9ec82000 	C:\Windows\System32\MSASN1.dll
0x00007fff9e710000 - 0x00007fff9e736000 	C:\Windows\SYSTEM32\ncrypt.dll
0x00007fff9e6d0000 - 0x00007fff9e70b000 	C:\Windows\SYSTEM32\NTASN1.dll
0x00007fff85e80000 - 0x00007fff85ea6000 	C:\Program Files\Java\jdk-11.0.7\bin\sunec.dll

dbghelp: loaded successfully - version: 4.0.5 - missing functions: none
symbol engine: initialized successfully - sym options: 0x614 - pdb path: .;C:\Program Files\Java\jdk-11.0.7\bin;C:\Windows\SYSTEM32;C:\Windows\WinSxS\amd64_microsoft.windows.common-controls_6595b64144ccf1df_6.0.18362.1139_none_9e7bf2d3e4605ac6;C:\Program Files\Java\jdk-11.0.7\bin\server;C:\Program Files\JetBrains\IntelliJ IDEA 2020.2.3\bin;C:\Program Files\Bonjour

VM Arguments:
jvm_args: -XX:TieredStopAtLevel=1 -Xverify:none -Dspring.output.ansi.enabled=always -Dcom.sun.management.jmxremote -Dspring.jmx.enabled=true -Dspring.liveBeansView.mbeanDomain -Dspring.application.admin.enabled=true -javaagent:C:\Program Files\JetBrains\IntelliJ IDEA 2020.2.3\lib\idea_rt.jar=53642:C:\Program Files\JetBrains\IntelliJ IDEA 2020.2.3\bin -Dfile.encoding=UTF-8 
java_command: com.Application
java_class_path (initial): E:\lab4\lab4\target\classes;C:\Users\ravsp\.m2\repository\org\springframework\boot\spring-boot-starter-thymeleaf\2.3.2.RELEASE\spring-boot-starter-thymeleaf-2.3.2.RELEASE.jar;C:\Users\ravsp\.m2\repository\org\springframework\boot\spring-boot-starter\2.3.2.RELEASE\spring-boot-starter-2.3.2.RELEASE.jar;C:\Users\ravsp\.m2\repository\org\springframework\boot\spring-boot-starter-logging\2.3.2.RELEASE\spring-boot-starter-logging-2.3.2.RELEASE.jar;C:\Users\ravsp\.m2\repository\ch\qos\logback\logback-classic\1.2.3\logback-classic-1.2.3.jar;C:\Users\ravsp\.m2\repository\ch\qos\logback\logback-core\1.2.3\logback-core-1.2.3.jar;C:\Users\ravsp\.m2\repository\org\apache\logging\log4j\log4j-to-slf4j\2.13.3\log4j-to-slf4j-2.13.3.jar;C:\Users\ravsp\.m2\repository\org\apache\logging\log4j\log4j-api\2.13.3\log4j-api-2.13.3.jar;C:\Users\ravsp\.m2\repository\org\slf4j\jul-to-slf4j\1.7.30\jul-to-slf4j-1.7.30.jar;C:\Users\ravsp\.m2\repository\jakarta\annotation\jakarta.annotation-api\1.3.5\jakarta.annotation-api-1.3.5.jar;C:\Users\ravsp\.m2\repository\org\yaml\snakeyaml\1.26\snakeyaml-1.26.jar;C:\Users\ravsp\.m2\repository\org\thymeleaf\thymeleaf-spring5\3.0.11.RELEASE\thymeleaf-spring5-3.0.11.RELEASE.jar;C:\Users\ravsp\.m2\repository\org\thymeleaf\thymeleaf\3.0.11.RELEASE\thymeleaf-3.0.11.RELEASE.jar;C:\Users\ravsp\.m2\repository\org\attoparser\attoparser\2.0.5.RELEASE\attoparser-2.0.5.RELEASE.jar;C:\Users\ravsp\.m2\repository\org\unbescape\unbescape\1.1.6.RELEASE\unbescape-1.1.6.RELEASE.jar;C:\Users\ravsp\.m2\repository\org\slf4j\slf4j-api\1.7.30\slf4j-api-1.7.30.jar;C:\Users\ravsp\.m2\repository\org\thymeleaf\extras\thymeleaf-extras-java8time\3.0.4.RELEASE\thymeleaf-extras-java8time-3.0.4.RELEASE.jar;C:\Users\ravsp\.m2\repository\org\springframework\boot\spring-boot-starter-web\2.3.2.RELEASE\spring-boot-starter-web-2.3.2.RELEASE.jar;C:\Users\ravsp\.m2\repository\org\springframework\boot\spring-boot-starter-json\2.3.2.RELEASE\spring-boot-starter-json-2.3.2.
Launcher Type: SUN_STANDARD

[Global flags]
     bool BytecodeVerificationLocal                = false                                     {product} {command line}
     bool BytecodeVerificationRemote               = false                                     {product} {command line}
     intx CICompilerCount                          = 4                                         {product} {ergonomic}
     uint ConcGCThreads                            = 2                                         {product} {ergonomic}
     uint G1ConcRefinementThreads                  = 8                                         {product} {ergonomic}
   size_t G1HeapRegionSize                         = 2097152                                   {product} {ergonomic}
    uintx GCDrainStackTargetSize                   = 64                                        {product} {ergonomic}
   size_t InitialHeapSize                          = 536870912                                 {product} {ergonomic}
     bool ManagementServer                         = true                                      {product} {command line}
   size_t MarkStackSize                            = 4194304                                   {product} {ergonomic}
   size_t MaxHeapSize                              = 8573157376                                {product} {ergonomic}
   size_t MaxNewSize                               = 5142216704                                {product} {ergonomic}
   size_t MinHeapDeltaBytes                        = 2097152                                   {product} {ergonomic}
    uintx NonNMethodCodeHeapSize                   = 7549744                                {pd product} {ergonomic}
    uintx NonProfiledCodeHeapSize                  = 244108496                              {pd product} {ergonomic}
    uintx ProfiledCodeHeapSize                     = 0                                      {pd product} {ergonomic}
    uintx ReservedCodeCacheSize                    = 251658240                              {pd product} {ergonomic}
     bool SegmentedCodeCache                       = true                                      {product} {ergonomic}
     intx TieredStopAtLevel                        = 1                                         {product} {command line}
     bool UseCompressedClassPointers               = true                                 {lp64_product} {ergonomic}
     bool UseCompressedOops                        = true                                 {lp64_product} {ergonomic}
     bool UseG1GC                                  = true                                      {product} {ergonomic}
     bool UseLargePagesIndividualAllocation        = false                                  {pd product} {ergonomic}

Logging:
Log output configuration:
 #0: stdout all=warning uptime,level,tags
 #1: stderr all=off uptime,level,tags

Environment Variables:
JAVA_HOME=C:\Program Files\Java\jdk-11.0.7
PATH=C:\Python39\Scripts\;C:\Python39\;C:\gcc\bin;C:\gcc\libexec\gcc\x86_64-w64-mingw32\10.2.0;C:\Program Files (x86)\Razer Chroma SDK\bin;C:\Program Files\Razer Chroma SDK\bin;C:\Program Files (x86)\Razer\ChromaBroadcast\bin;C:\Program Files\Razer\ChromaBroadcast\bin;C:\Windows\system32;C:\Windows;C:\Windows\System32\Wbem;C:\Windows\System32\WindowsPowerShell\v1.0\;C:\Windows\System32\OpenSSH\;C:\Program Files\Microsoft SQL Server\130\Tools\Binn\;C:\Users\ravsp\AppData\Local\Microsoft\WindowsApps;C:\Users\ravsp\.dotnet\tools;C:\Program Files\Java\jdk-11.0.7\bin;C:\Program Files\CMake\bin;C:\Program Files\Git\cmd;C:\Program Files\apache-maven-3.6.3\bin;C:\Program Files (x86)\gnupg\bin;C:\Program Files (x86)\Gpg4win\..\GnuPG\bin;E:\F\bin;C:\Program Files\MATLAB\R2020b\bin;C:\Program Files\dotnet\;C:\Program Files\Microsoft SQL Server\Client SDK\ODBC\170\Tools\Binn\;C:\Program Files\nodejs\;C:\ProgramData\chocolatey\bin;;C:\Program Files\NVIDIA Corporation\NVIDIA NvDLISR;C:\Users\ravsp\AppData\Local\Programs\Python\Python38-32\Scripts\;C:\Users\ravsp\AppData\Local\Programs\Python\Python38-32\;C:\Users\ravsp\AppData\Local\Microsoft\WindowsApps;;C:\Program Files\JetBrains\IntelliJ IDEA Community Edition 2019.3.4\bin;;C:\Program Files\JetBrains\PyCharm Community Edition 2020.2.1\bin;;C:\Users\ravsp\AppData\Local\Programs\Microsoft VS Code\bin;C:\Program Files\JetBrains\WebStorm 2020.2\bin;;C:\Program Files\JetBrains\PhpStorm 2020.2.1\bin;;C:\Program Files\JetBrains\IntelliJ IDEA 2020.2.3\bin;;C:\Users\ravsp\.dotnet\tools;C:\Users\ravsp\AppData\Roaming\npm
USERNAME=ravsp
OS=Windows_NT
PROCESSOR_IDENTIFIER=Intel64 Family 6 Model 158 Stepping 9, GenuineIntel



---------------  S Y S T E M  ---------------

OS: Windows 10 , 64 bit Build 18362 (10.0.18362.1110)

CPU:total 8 (initial active 8) (4 cores per cpu, 2 threads per core) family 6 model 158 stepping 9, cmov, cx8, fxsr, mmx, sse, sse2, sse3, ssse3, sse4.1, sse4.2, popcnt, avx, avx2, aes, clmul, erms, rtm, 3dnowpref, lzcnt, ht, tsc, tscinvbit, bmi1, bmi2, adx, fma

Memory: 4k page, system-wide physical 32702M (21779M free)
TotalPageFile size 37566M (AvailPageFile size 22918M)
current process WorkingSet (physical memory assigned to process): 368M, peak: 368M
current process commit charge ("private bytes"): 738M, peak: 738M

vm_info: Java HotSpot(TM) 64-Bit Server VM (11.0.7+8-LTS) for windows-amd64 JRE (11.0.7+8-LTS), built on Mar 12 2020 02:04:32 by "mach5one" with MS VC++ 15.5 (VS2017)

END.
