#
# A fatal error has been detected by the Java Runtime Environment:
#
#  EXCEPTION_ACCESS_VIOLATION (0xc0000005) at pc=0x00007ffbbd8a7b13, pid=11280, tid=1040
#
# JRE version: Java(TM) SE Runtime Environment 18.9 (11.0.7+8) (build 11.0.7+8-LTS)
# Java VM: Java HotSpot(TM) 64-Bit Server VM 18.9 (11.0.7+8-LTS, mixed mode, tiered, compressed oops, g1 gc, windows-amd64)
# Problematic frame:
# V  [jvm.dll+0x207b13]
#
# No core dump will be written. Minidumps are not enabled by default on client versions of Windows
#
# If you would like to submit a bug report, please visit:
#   https://bugreport.java.com/bugreport/crash.jsp
#

---------------  S U M M A R Y ------------

Command Line: -XX:TieredStopAtLevel=1 -Xverify:none -Dspring.output.ansi.enabled=always -Dcom.sun.management.jmxremote -Dspring.jmx.enabled=true -Dspring.liveBeansView.mbeanDomain -Dspring.application.admin.enabled=true -javaagent:C:\Program Files\JetBrains\IntelliJ IDEA 2020.2.3\lib\idea_rt.jar=60787:C:\Program Files\JetBrains\IntelliJ IDEA 2020.2.3\bin -Dfile.encoding=UTF-8 com.Application

Host: Intel(R) Core(TM) i7-7700K CPU @ 4.20GHz, 8 cores, 31G,  Windows 10 , 64 bit Build 18362 (10.0.18362.1110)
Time: Tue Jan 19 20:30:18 2021 RTZ 2 (ceia) elapsed time: 2 seconds (0d 0h 0m 2s)

---------------  T H R E A D  ---------------

Current thread (0x00000145cf1e3000):  ConcurrentGCThread "G1 Conc#0" [stack: 0x000000251b200000,0x000000251b300000] [id=1040]

Stack: [0x000000251b200000,0x000000251b300000],  sp=0x000000251b2ff840,  free space=1022k
Native frames: (J=compiled Java code, j=interpreted, Vv=VM code, C=native code)
V  [jvm.dll+0x207b13]
V  [jvm.dll+0x2f977a]
V  [jvm.dll+0x300054]
V  [jvm.dll+0x7d4c20]
V  [jvm.dll+0x75e875]
V  [jvm.dll+0x660b26]
C  [ucrtbase.dll+0x210b2]
C  [KERNEL32.DLL+0x17c24]
C  [ntdll.dll+0x6cea1]


siginfo: EXCEPTION_ACCESS_VIOLATION (0xc0000005), reading address 0x0000000000000160


Register to memory mapping:

RIP=0x00007ffbbd8a7b13 jvm.dll
RAX=0x00000145cf198940 points into unknown readable memory: 00 00 00 00 00 00 00 00
RBX=0x00000006119af0d0 is an oop: 
[error occurred during error reporting (printing register info), id 0xc0000005, EXCEPTION_ACCESS_VIOLATION (0xc0000005) at pc=0x00007ffbbdcee7dd]

Registers:
RAX=0x00000145cf198940, RBX=0x00000006119af0d0, RCX=0x0000000000000015, RDX=0x0000000000000000
RSP=0x000000251b2ff840, RBP=0x000000251b2ff8f0, RSI=0x0000000000000400, RDI=0x00000006119af0d8
R8 =0x0000000000000400, R9 =0x0000000000000000, R10=0x0000000000000000, R11=0x0000000000000246
R12=0x0000000000000000, R13=0x00000145cf1d0c20, R14=0x0000000800009650, R15=0x0000000000000000
RIP=0x00007ffbbd8a7b13, EFLAGS=0x0000000000010246

Top of Stack: (sp=0x000000251b2ff840)
0x000000251b2ff840:   0000000000000002 00007ffbbd999d53
0x000000251b2ff850:   00000006119ae210 00000008001746e0
0x000000251b2ff860:   0000000800009650 00000006119af0b8
0x000000251b2ff870:   00007ffbbe0c8340 0000000000000000
0x000000251b2ff880:   0000000800009640 00007ffbbd99977a
0x000000251b2ff890:   00000008000091a8 00000006119af0b8
0x000000251b2ff8a0:   00000006119af0b0 0000000611a00000
0x000000251b2ff8b0:   000000251b1ff650 00000145cf1d0cc8
0x000000251b2ff8c0:   000000000000000b 00007ffbbd9a0054
0x000000251b2ff8d0:   00000008000091a8 0000000611a00000
0x000000251b2ff8e0:   00000006119af0b8 0000000000000000
0x000000251b2ff8f0:   00007ffbbdf4ba58 0000000000000000
0x000000251b2ff900:   00000145cf15ec70 00000145cf1d0c20
0x000000251b2ff910:   0000000000000000 00007ffbbde7507b
0x000000251b2ff920:   0000000000000000 00000000000075a3
0x000000251b2ff930:   0000000000000000 00000145cf1e3000 

Instructions: (pc=0x00007ffbbd8a7b13)
0x00007ffbbd8a7af3:   4d 8b d0 44 8b e2 4d 8b f9 49 8b f0 8b 88 c0 02
0x00007ffbbd8a7b03:   00 00 48 8b 80 b0 02 00 00 49 d3 ea 4e 8b 14 d0
0x00007ffbbd8a7b13:   4d 3b 82 60 01 00 00 72 0e 32 c0 48 83 c4 28 41
0x00007ffbbd8a7b23:   5f 41 5d 41 5c 5e c3 49 8b 85 90 00 00 00 48 8b 


Stack slot to memory mapping:
stack at sp + 0 slots: 0x0000000000000002 is an unknown value
stack at sp + 1 slots: 0x00007ffbbd999d53 jvm.dll
stack at sp + 2 slots: 0x00000006119ae210 is an oop: org.springframework.util.ConcurrentReferenceHashMap$SoftEntryReference 
{0x00000006119ae210} - klass: 'org/springframework/util/ConcurrentReferenceHashMap$SoftEntryReference'
stack at sp + 3 slots: 0x00000008001746e0 is a pointer to class: 
org.springframework.boot.devtools.restart.RestartScopeInitializer {0x00000008001746e8}
stack at sp + 4 slots: 0x0000000800009650 is a pointer to class: 
java.lang.reflect.Constructor {0x0000000800009658}
stack at sp + 5 slots: 0x00000006119af0b8 is an oop: java.lang.reflect.Method 
{0x00000006119af0b8} - klass: 'java/lang/reflect/Method'
stack at sp + 6 slots: 0x00007ffbbe0c8340 jvm.dll
stack at sp + 7 slots: 0x0 is NULL


---------------  P R O C E S S  ---------------

Threads class SMR info:
_java_thread_list=0x00000145804bb850, length=21, elements={
0x00000145cf150800, 0x00000145fccda800, 0x00000145fcce6000, 0x00000145fcd40800,
0x00000145fcd41800, 0x00000145fcd44000, 0x00000145fcd49000, 0x00000145fcc93800,
0x00000145fd333800, 0x00000145fd337000, 0x00000145fd51e800, 0x00000145fe210000,
0x00000145fe26b800, 0x00000145fe8f7800, 0x0000014580651800, 0x0000014582d7d800,
0x0000014582d7f000, 0x0000014582d82000, 0x0000014582d81800, 0x0000014582d7f800,
0x0000014582d7e000
}

Java Threads: ( => current thread )
  0x00000145cf150800 JavaThread "main" [_thread_blocked, id=13924, stack(0x000000251af00000,0x000000251b000000)]
  0x00000145fccda800 JavaThread "Reference Handler" daemon [_thread_blocked, id=1156, stack(0x000000251b600000,0x000000251b700000)]
  0x00000145fcce6000 JavaThread "Finalizer" daemon [_thread_blocked, id=13736, stack(0x000000251b700000,0x000000251b800000)]
  0x00000145fcd40800 JavaThread "Signal Dispatcher" daemon [_thread_blocked, id=13732, stack(0x000000251b800000,0x000000251b900000)]
  0x00000145fcd41800 JavaThread "Attach Listener" daemon [_thread_blocked, id=2844, stack(0x000000251b900000,0x000000251ba00000)]
  0x00000145fcd44000 JavaThread "C1 CompilerThread0" daemon [_thread_blocked, id=8060, stack(0x000000251ba00000,0x000000251bb00000)]
  0x00000145fcd49000 JavaThread "Sweeper thread" daemon [_thread_blocked, id=10796, stack(0x000000251bb00000,0x000000251bc00000)]
  0x00000145fcc93800 JavaThread "Common-Cleaner" daemon [_thread_blocked, id=9760, stack(0x000000251bc00000,0x000000251bd00000)]
  0x00000145fd333800 JavaThread "Monitor Ctrl-Break" daemon [_thread_in_native, id=11376, stack(0x000000251bd00000,0x000000251be00000)]
  0x00000145fd337000 JavaThread "Service Thread" daemon [_thread_blocked, id=3948, stack(0x000000251be00000,0x000000251bf00000)]
  0x00000145fd51e800 JavaThread "RMI TCP Accept-0" daemon [_thread_in_native, id=13664, stack(0x000000251bf00000,0x000000251c000000)]
  0x00000145fe210000 JavaThread "Thread-0" [_thread_blocked, id=6796, stack(0x000000251c900000,0x000000251ca00000)]
  0x00000145fe26b800 JavaThread "restartedMain" [_thread_in_native, id=9652, stack(0x000000251ca00000,0x000000251cb00000)]
  0x00000145fe8f7800 JavaThread "RMI TCP Connection(1)-192.168.1.48" daemon [_thread_in_native, id=5148, stack(0x000000251cc00000,0x000000251cd00000)]
  0x0000014580651800 JavaThread "RMI Scheduler(0)" daemon [_thread_blocked, id=13316, stack(0x000000251cd00000,0x000000251ce00000)]
  0x0000014582d7d800 JavaThread "Catalina-utility-1" [_thread_blocked, id=10956, stack(0x000000251ce00000,0x000000251cf00000)]
  0x0000014582d7f000 JavaThread "Catalina-utility-2" [_thread_blocked, id=12760, stack(0x000000251cf00000,0x000000251d000000)]
  0x0000014582d82000 JavaThread "container-0" [_thread_blocked, id=1452, stack(0x000000251d000000,0x000000251d100000)]
  0x0000014582d81800 JavaThread "Timer-0" daemon [_thread_blocked, id=13868, stack(0x000000251d100000,0x000000251d200000)]
  0x0000014582d7f800 JavaThread "oracle.jdbc.driver.BlockSource.ThreadedCachingBlockSource.BlockReleaser" daemon [_thread_blocked, id=5260, stack(0x000000251d200000,0x000000251d300000)]
  0x0000014582d7e000 JavaThread "InterruptTimer" daemon [_thread_blocked, id=12916, stack(0x000000251d300000,0x000000251d400000)]

Other Threads:
  0x00000145fccb4000 VMThread "VM Thread" [stack: 0x000000251b500000,0x000000251b600000] [id=12664]
  0x00000145fd52c800 WatcherThread [stack: 0x000000251c000000,0x000000251c100000] [id=13228]
  0x00000145cf168000 GCTaskThread "GC Thread#0" [stack: 0x000000251b000000,0x000000251b100000] [id=12744]
  0x00000145fd89e000 GCTaskThread "GC Thread#1" [stack: 0x000000251c100000,0x000000251c200000] [id=4104]
  0x00000145fd7b8000 GCTaskThread "GC Thread#2" [stack: 0x000000251c200000,0x000000251c300000] [id=144]
  0x00000145fd7b9000 GCTaskThread "GC Thread#3" [stack: 0x000000251c300000,0x000000251c400000] [id=13948]
  0x00000145fe1bb800 GCTaskThread "GC Thread#4" [stack: 0x000000251c400000,0x000000251c500000] [id=6480]
  0x00000145fe1bc800 GCTaskThread "GC Thread#5" [stack: 0x000000251c500000,0x000000251c600000] [id=11752]
  0x00000145fe1bd000 GCTaskThread "GC Thread#6" [stack: 0x000000251c600000,0x000000251c700000] [id=13604]
  0x00000145fe1be000 GCTaskThread "GC Thread#7" [stack: 0x000000251c700000,0x000000251c800000] [id=12276]
  0x00000145cf1e1800 ConcurrentGCThread "G1 Main Marker" [stack: 0x000000251b100000,0x000000251b200000] [id=8880]
=>0x00000145cf1e3000 ConcurrentGCThread "G1 Conc#0" [stack: 0x000000251b200000,0x000000251b300000] [id=1040]
  0x00000145fe4ca000 ConcurrentGCThread "G1 Conc#1" [stack: 0x000000251cb00000,0x000000251cc00000] [id=11984]
  0x00000145fc31b000 ConcurrentGCThread "G1 Refine#0" [stack: 0x000000251b300000,0x000000251b400000] [id=12588]
  0x00000145fe1de000 ConcurrentGCThread "G1 Refine#1" [stack: 0x000000251c800000,0x000000251c900000] [id=5372]
  0x00000145fc31c000 ConcurrentGCThread "G1 Young RemSet Sampling" [stack: 0x000000251b400000,0x000000251b500000] [id=6440]

Threads with active compile tasks:

VM state:not at safepoint (normal execution)

VM Mutex/Monitor currently owned by a thread: None

Heap address: 0x0000000601000000, size: 8176 MB, Compressed Oops mode: Zero based, Oop shift amount: 3
Narrow klass base: 0x0000000800000000, Narrow klass shift: 0
Compressed class space size: 1073741824 Address: 0x0000000800000000

Heap:
 garbage-first heap   total 524288K, used 26033K [0x0000000601000000, 0x0000000800000000)
  region size 2048K, 11 young (22528K), 6 survivors (12288K)
 Metaspace       used 36052K, capacity 37342K, committed 37620K, reserved 1081344K
  class space    used 4435K, capacity 4913K, committed 4992K, reserved 1048576K
Heap Regions: E=young(eden), S=young(survivor), O=old, HS=humongous(starts), HC=humongous(continues), CS=collection set, F=free, A=archive, TAMS=top-at-mark-start (previous, next)
|   0|0x0000000601000000, 0x0000000601200000, 0x0000000601200000|100%| O|  |TAMS 0x0000000601200000, 0x0000000601200000| Untracked 
|   1|0x0000000601200000, 0x0000000601400000, 0x0000000601400000|100%| O|  |TAMS 0x0000000601296400, 0x0000000601400000| Untracked 
|   2|0x0000000601400000, 0x0000000601600000, 0x0000000601600000|100%| O|  |TAMS 0x0000000601400000, 0x0000000601600000| Untracked 
|   3|0x0000000601600000, 0x000000060169bc00, 0x0000000601800000| 30%| O|  |TAMS 0x0000000601600000, 0x000000060169bc00| Untracked 
|   4|0x0000000601800000, 0x0000000601800000, 0x0000000601a00000|  0%| F|  |TAMS 0x0000000601800000, 0x0000000601800000| Untracked 
|   5|0x0000000601a00000, 0x0000000601a00000, 0x0000000601c00000|  0%| F|  |TAMS 0x0000000601a00000, 0x0000000601a00000| Untracked 
|   6|0x0000000601c00000, 0x0000000601c00000, 0x0000000601e00000|  0%| F|  |TAMS 0x0000000601c00000, 0x0000000601c00000| Untracked 
|   7|0x0000000601e00000, 0x0000000601e00000, 0x0000000602000000|  0%| F|  |TAMS 0x0000000601e00000, 0x0000000601e00000| Untracked 
|   8|0x0000000602000000, 0x0000000602000000, 0x0000000602200000|  0%| F|  |TAMS 0x0000000602000000, 0x0000000602000000| Untracked 
|   9|0x0000000602200000, 0x0000000602200000, 0x0000000602400000|  0%| F|  |TAMS 0x0000000602200000, 0x0000000602200000| Untracked 
|  10|0x0000000602400000, 0x0000000602400000, 0x0000000602600000|  0%| F|  |TAMS 0x0000000602400000, 0x0000000602400000| Untracked 
|  11|0x0000000602600000, 0x0000000602600000, 0x0000000602800000|  0%| F|  |TAMS 0x0000000602600000, 0x0000000602600000| Untracked 
|  12|0x0000000602800000, 0x0000000602800000, 0x0000000602a00000|  0%| F|  |TAMS 0x0000000602800000, 0x0000000602800000| Untracked 
|  13|0x0000000602a00000, 0x0000000602a00000, 0x0000000602c00000|  0%| F|  |TAMS 0x0000000602a00000, 0x0000000602a00000| Untracked 
|  14|0x0000000602c00000, 0x0000000602c00000, 0x0000000602e00000|  0%| F|  |TAMS 0x0000000602c00000, 0x0000000602c00000| Untracked 
|  15|0x0000000602e00000, 0x0000000602e00000, 0x0000000603000000|  0%| F|  |TAMS 0x0000000602e00000, 0x0000000602e00000| Untracked 
|  16|0x0000000603000000, 0x0000000603000000, 0x0000000603200000|  0%| F|  |TAMS 0x0000000603000000, 0x0000000603000000| Untracked 
|  17|0x0000000603200000, 0x0000000603200000, 0x0000000603400000|  0%| F|  |TAMS 0x0000000603200000, 0x0000000603200000| Untracked 
|  18|0x0000000603400000, 0x0000000603400000, 0x0000000603600000|  0%| F|  |TAMS 0x0000000603400000, 0x0000000603400000| Untracked 
|  19|0x0000000603600000, 0x0000000603600000, 0x0000000603800000|  0%| F|  |TAMS 0x0000000603600000, 0x0000000603600000| Untracked 
|  20|0x0000000603800000, 0x0000000603800000, 0x0000000603a00000|  0%| F|  |TAMS 0x0000000603800000, 0x0000000603800000| Untracked 
|  21|0x0000000603a00000, 0x0000000603a00000, 0x0000000603c00000|  0%| F|  |TAMS 0x0000000603a00000, 0x0000000603a00000| Untracked 
|  22|0x0000000603c00000, 0x0000000603c00000, 0x0000000603e00000|  0%| F|  |TAMS 0x0000000603c00000, 0x0000000603c00000| Untracked 
|  23|0x0000000603e00000, 0x0000000603e00000, 0x0000000604000000|  0%| F|  |TAMS 0x0000000603e00000, 0x0000000603e00000| Untracked 
|  24|0x0000000604000000, 0x0000000604000000, 0x0000000604200000|  0%| F|  |TAMS 0x0000000604000000, 0x0000000604000000| Untracked 
|  25|0x0000000604200000, 0x0000000604200000, 0x0000000604400000|  0%| F|  |TAMS 0x0000000604200000, 0x0000000604200000| Untracked 
|  26|0x0000000604400000, 0x0000000604400000, 0x0000000604600000|  0%| F|  |TAMS 0x0000000604400000, 0x0000000604400000| Untracked 
|  27|0x0000000604600000, 0x0000000604600000, 0x0000000604800000|  0%| F|  |TAMS 0x0000000604600000, 0x0000000604600000| Untracked 
|  28|0x0000000604800000, 0x0000000604800000, 0x0000000604a00000|  0%| F|  |TAMS 0x0000000604800000, 0x0000000604800000| Untracked 
|  29|0x0000000604a00000, 0x0000000604a00000, 0x0000000604c00000|  0%| F|  |TAMS 0x0000000604a00000, 0x0000000604a00000| Untracked 
|  30|0x0000000604c00000, 0x0000000604c00000, 0x0000000604e00000|  0%| F|  |TAMS 0x0000000604c00000, 0x0000000604c00000| Untracked 
|  31|0x0000000604e00000, 0x0000000604e00000, 0x0000000605000000|  0%| F|  |TAMS 0x0000000604e00000, 0x0000000604e00000| Untracked 
|  32|0x0000000605000000, 0x0000000605000000, 0x0000000605200000|  0%| F|  |TAMS 0x0000000605000000, 0x0000000605000000| Untracked 
|  33|0x0000000605200000, 0x0000000605200000, 0x0000000605400000|  0%| F|  |TAMS 0x0000000605200000, 0x0000000605200000| Untracked 
|  34|0x0000000605400000, 0x0000000605400000, 0x0000000605600000|  0%| F|  |TAMS 0x0000000605400000, 0x0000000605400000| Untracked 
|  35|0x0000000605600000, 0x0000000605600000, 0x0000000605800000|  0%| F|  |TAMS 0x0000000605600000, 0x0000000605600000| Untracked 
|  36|0x0000000605800000, 0x0000000605800000, 0x0000000605a00000|  0%| F|  |TAMS 0x0000000605800000, 0x0000000605800000| Untracked 
|  37|0x0000000605a00000, 0x0000000605a00000, 0x0000000605c00000|  0%| F|  |TAMS 0x0000000605a00000, 0x0000000605a00000| Untracked 
|  38|0x0000000605c00000, 0x0000000605c00000, 0x0000000605e00000|  0%| F|  |TAMS 0x0000000605c00000, 0x0000000605c00000| Untracked 
|  39|0x0000000605e00000, 0x0000000605e00000, 0x0000000606000000|  0%| F|  |TAMS 0x0000000605e00000, 0x0000000605e00000| Untracked 
|  40|0x0000000606000000, 0x0000000606000000, 0x0000000606200000|  0%| F|  |TAMS 0x0000000606000000, 0x0000000606000000| Untracked 
|  41|0x0000000606200000, 0x0000000606200000, 0x0000000606400000|  0%| F|  |TAMS 0x0000000606200000, 0x0000000606200000| Untracked 
|  42|0x0000000606400000, 0x0000000606400000, 0x0000000606600000|  0%| F|  |TAMS 0x0000000606400000, 0x0000000606400000| Untracked 
|  43|0x0000000606600000, 0x0000000606600000, 0x0000000606800000|  0%| F|  |TAMS 0x0000000606600000, 0x0000000606600000| Untracked 
|  44|0x0000000606800000, 0x0000000606800000, 0x0000000606a00000|  0%| F|  |TAMS 0x0000000606800000, 0x0000000606800000| Untracked 
|  45|0x0000000606a00000, 0x0000000606a00000, 0x0000000606c00000|  0%| F|  |TAMS 0x0000000606a00000, 0x0000000606a00000| Untracked 
|  46|0x0000000606c00000, 0x0000000606c00000, 0x0000000606e00000|  0%| F|  |TAMS 0x0000000606c00000, 0x0000000606c00000| Untracked 
|  47|0x0000000606e00000, 0x0000000606e00000, 0x0000000607000000|  0%| F|  |TAMS 0x0000000606e00000, 0x0000000606e00000| Untracked 
|  48|0x0000000607000000, 0x0000000607000000, 0x0000000607200000|  0%| F|  |TAMS 0x0000000607000000, 0x0000000607000000| Untracked 
|  49|0x0000000607200000, 0x0000000607200000, 0x0000000607400000|  0%| F|  |TAMS 0x0000000607200000, 0x0000000607200000| Untracked 
|  50|0x0000000607400000, 0x0000000607400000, 0x0000000607600000|  0%| F|  |TAMS 0x0000000607400000, 0x0000000607400000| Untracked 
|  51|0x0000000607600000, 0x0000000607600000, 0x0000000607800000|  0%| F|  |TAMS 0x0000000607600000, 0x0000000607600000| Untracked 
|  52|0x0000000607800000, 0x0000000607800000, 0x0000000607a00000|  0%| F|  |TAMS 0x0000000607800000, 0x0000000607800000| Untracked 
|  53|0x0000000607a00000, 0x0000000607a00000, 0x0000000607c00000|  0%| F|  |TAMS 0x0000000607a00000, 0x0000000607a00000| Untracked 
|  54|0x0000000607c00000, 0x0000000607c00000, 0x0000000607e00000|  0%| F|  |TAMS 0x0000000607c00000, 0x0000000607c00000| Untracked 
|  55|0x0000000607e00000, 0x0000000607e00000, 0x0000000608000000|  0%| F|  |TAMS 0x0000000607e00000, 0x0000000607e00000| Untracked 
|  56|0x0000000608000000, 0x0000000608000000, 0x0000000608200000|  0%| F|  |TAMS 0x0000000608000000, 0x0000000608000000| Untracked 
|  57|0x0000000608200000, 0x0000000608200000, 0x0000000608400000|  0%| F|  |TAMS 0x0000000608200000, 0x0000000608200000| Untracked 
|  58|0x0000000608400000, 0x0000000608400000, 0x0000000608600000|  0%| F|  |TAMS 0x0000000608400000, 0x0000000608400000| Untracked 
|  59|0x0000000608600000, 0x0000000608600000, 0x0000000608800000|  0%| F|  |TAMS 0x0000000608600000, 0x0000000608600000| Untracked 
|  60|0x0000000608800000, 0x0000000608800000, 0x0000000608a00000|  0%| F|  |TAMS 0x0000000608800000, 0x0000000608800000| Untracked 
|  61|0x0000000608a00000, 0x0000000608a00000, 0x0000000608c00000|  0%| F|  |TAMS 0x0000000608a00000, 0x0000000608a00000| Untracked 
|  62|0x0000000608c00000, 0x0000000608c00000, 0x0000000608e00000|  0%| F|  |TAMS 0x0000000608c00000, 0x0000000608c00000| Untracked 
|  63|0x0000000608e00000, 0x0000000608e00000, 0x0000000609000000|  0%| F|  |TAMS 0x0000000608e00000, 0x0000000608e00000| Untracked 
|  64|0x0000000609000000, 0x0000000609000000, 0x0000000609200000|  0%| F|  |TAMS 0x0000000609000000, 0x0000000609000000| Untracked 
|  65|0x0000000609200000, 0x0000000609200000, 0x0000000609400000|  0%| F|  |TAMS 0x0000000609200000, 0x0000000609200000| Untracked 
|  66|0x0000000609400000, 0x0000000609400000, 0x0000000609600000|  0%| F|  |TAMS 0x0000000609400000, 0x0000000609400000| Untracked 
|  67|0x0000000609600000, 0x0000000609600000, 0x0000000609800000|  0%| F|  |TAMS 0x0000000609600000, 0x0000000609600000| Untracked 
|  68|0x0000000609800000, 0x0000000609800000, 0x0000000609a00000|  0%| F|  |TAMS 0x0000000609800000, 0x0000000609800000| Untracked 
|  69|0x0000000609a00000, 0x0000000609a00000, 0x0000000609c00000|  0%| F|  |TAMS 0x0000000609a00000, 0x0000000609a00000| Untracked 
|  70|0x0000000609c00000, 0x0000000609c00000, 0x0000000609e00000|  0%| F|  |TAMS 0x0000000609c00000, 0x0000000609c00000| Untracked 
|  71|0x0000000609e00000, 0x0000000609e00000, 0x000000060a000000|  0%| F|  |TAMS 0x0000000609e00000, 0x0000000609e00000| Untracked 
|  72|0x000000060a000000, 0x000000060a000000, 0x000000060a200000|  0%| F|  |TAMS 0x000000060a000000, 0x000000060a000000| Untracked 
|  73|0x000000060a200000, 0x000000060a200000, 0x000000060a400000|  0%| F|  |TAMS 0x000000060a200000, 0x000000060a200000| Untracked 
|  74|0x000000060a400000, 0x000000060a400000, 0x000000060a600000|  0%| F|  |TAMS 0x000000060a400000, 0x000000060a400000| Untracked 
|  75|0x000000060a600000, 0x000000060a600000, 0x000000060a800000|  0%| F|  |TAMS 0x000000060a600000, 0x000000060a600000| Untracked 
|  76|0x000000060a800000, 0x000000060a800000, 0x000000060aa00000|  0%| F|  |TAMS 0x000000060a800000, 0x000000060a800000| Untracked 
|  77|0x000000060aa00000, 0x000000060aa00000, 0x000000060ac00000|  0%| F|  |TAMS 0x000000060aa00000, 0x000000060aa00000| Untracked 
|  78|0x000000060ac00000, 0x000000060ac00000, 0x000000060ae00000|  0%| F|  |TAMS 0x000000060ac00000, 0x000000060ac00000| Untracked 
|  79|0x000000060ae00000, 0x000000060ae00000, 0x000000060b000000|  0%| F|  |TAMS 0x000000060ae00000, 0x000000060ae00000| Untracked 
|  80|0x000000060b000000, 0x000000060b000000, 0x000000060b200000|  0%| F|  |TAMS 0x000000060b000000, 0x000000060b000000| Untracked 
|  81|0x000000060b200000, 0x000000060b200000, 0x000000060b400000|  0%| F|  |TAMS 0x000000060b200000, 0x000000060b200000| Untracked 
|  82|0x000000060b400000, 0x000000060b400000, 0x000000060b600000|  0%| F|  |TAMS 0x000000060b400000, 0x000000060b400000| Untracked 
|  83|0x000000060b600000, 0x000000060b600000, 0x000000060b800000|  0%| F|  |TAMS 0x000000060b600000, 0x000000060b600000| Untracked 
|  84|0x000000060b800000, 0x000000060b800000, 0x000000060ba00000|  0%| F|  |TAMS 0x000000060b800000, 0x000000060b800000| Untracked 
|  85|0x000000060ba00000, 0x000000060ba00000, 0x000000060bc00000|  0%| F|  |TAMS 0x000000060ba00000, 0x000000060ba00000| Untracked 
|  86|0x000000060bc00000, 0x000000060bc00000, 0x000000060be00000|  0%| F|  |TAMS 0x000000060bc00000, 0x000000060bc00000| Untracked 
|  87|0x000000060be00000, 0x000000060be00000, 0x000000060c000000|  0%| F|  |TAMS 0x000000060be00000, 0x000000060be00000| Untracked 
|  88|0x000000060c000000, 0x000000060c000000, 0x000000060c200000|  0%| F|  |TAMS 0x000000060c000000, 0x000000060c000000| Untracked 
|  89|0x000000060c200000, 0x000000060c200000, 0x000000060c400000|  0%| F|  |TAMS 0x000000060c200000, 0x000000060c200000| Untracked 
|  90|0x000000060c400000, 0x000000060c400000, 0x000000060c600000|  0%| F|  |TAMS 0x000000060c400000, 0x000000060c400000| Untracked 
|  91|0x000000060c600000, 0x000000060c600000, 0x000000060c800000|  0%| F|  |TAMS 0x000000060c600000, 0x000000060c600000| Untracked 
|  92|0x000000060c800000, 0x000000060c800000, 0x000000060ca00000|  0%| F|  |TAMS 0x000000060c800000, 0x000000060c800000| Untracked 
|  93|0x000000060ca00000, 0x000000060ca00000, 0x000000060cc00000|  0%| F|  |TAMS 0x000000060ca00000, 0x000000060ca00000| Untracked 
|  94|0x000000060cc00000, 0x000000060cc00000, 0x000000060ce00000|  0%| F|  |TAMS 0x000000060cc00000, 0x000000060cc00000| Untracked 
|  95|0x000000060ce00000, 0x000000060ce00000, 0x000000060d000000|  0%| F|  |TAMS 0x000000060ce00000, 0x000000060ce00000| Untracked 
|  96|0x000000060d000000, 0x000000060d000000, 0x000000060d200000|  0%| F|  |TAMS 0x000000060d000000, 0x000000060d000000| Untracked 
|  97|0x000000060d200000, 0x000000060d200000, 0x000000060d400000|  0%| F|  |TAMS 0x000000060d200000, 0x000000060d200000| Untracked 
|  98|0x000000060d400000, 0x000000060d400000, 0x000000060d600000|  0%| F|  |TAMS 0x000000060d400000, 0x000000060d400000| Untracked 
|  99|0x000000060d600000, 0x000000060d600000, 0x000000060d800000|  0%| F|  |TAMS 0x000000060d600000, 0x000000060d600000| Untracked 
| 100|0x000000060d800000, 0x000000060d800000, 0x000000060da00000|  0%| F|  |TAMS 0x000000060d800000, 0x000000060d800000| Untracked 
| 101|0x000000060da00000, 0x000000060da00000, 0x000000060dc00000|  0%| F|  |TAMS 0x000000060da00000, 0x000000060da00000| Untracked 
| 102|0x000000060dc00000, 0x000000060dc00000, 0x000000060de00000|  0%| F|  |TAMS 0x000000060dc00000, 0x000000060dc00000| Untracked 
| 103|0x000000060de00000, 0x000000060de00000, 0x000000060e000000|  0%| F|  |TAMS 0x000000060de00000, 0x000000060de00000| Untracked 
| 104|0x000000060e000000, 0x000000060e000000, 0x000000060e200000|  0%| F|  |TAMS 0x000000060e000000, 0x000000060e000000| Untracked 
| 105|0x000000060e200000, 0x000000060e200000, 0x000000060e400000|  0%| F|  |TAMS 0x000000060e200000, 0x000000060e200000| Untracked 
| 106|0x000000060e400000, 0x000000060e400000, 0x000000060e600000|  0%| F|  |TAMS 0x000000060e400000, 0x000000060e400000| Untracked 
| 107|0x000000060e600000, 0x000000060e600000, 0x000000060e800000|  0%| F|  |TAMS 0x000000060e600000, 0x000000060e600000| Untracked 
| 108|0x000000060e800000, 0x000000060e800000, 0x000000060ea00000|  0%| F|  |TAMS 0x000000060e800000, 0x000000060e800000| Untracked 
| 109|0x000000060ea00000, 0x000000060ea00000, 0x000000060ec00000|  0%| F|  |TAMS 0x000000060ea00000, 0x000000060ea00000| Untracked 
| 110|0x000000060ec00000, 0x000000060ec00000, 0x000000060ee00000|  0%| F|  |TAMS 0x000000060ec00000, 0x000000060ec00000| Untracked 
| 111|0x000000060ee00000, 0x000000060ee00000, 0x000000060f000000|  0%| F|  |TAMS 0x000000060ee00000, 0x000000060ee00000| Untracked 
| 112|0x000000060f000000, 0x000000060f000000, 0x000000060f200000|  0%| F|  |TAMS 0x000000060f000000, 0x000000060f000000| Untracked 
| 113|0x000000060f200000, 0x000000060f200000, 0x000000060f400000|  0%| F|  |TAMS 0x000000060f200000, 0x000000060f200000| Untracked 
| 114|0x000000060f400000, 0x000000060f400000, 0x000000060f600000|  0%| F|  |TAMS 0x000000060f400000, 0x000000060f400000| Untracked 
| 115|0x000000060f600000, 0x000000060f600000, 0x000000060f800000|  0%| F|  |TAMS 0x000000060f600000, 0x000000060f600000| Untracked 
| 116|0x000000060f800000, 0x000000060f800000, 0x000000060fa00000|  0%| F|  |TAMS 0x000000060f800000, 0x000000060f800000| Untracked 
| 117|0x000000060fa00000, 0x000000060fa00000, 0x000000060fc00000|  0%| F|  |TAMS 0x000000060fa00000, 0x000000060fa00000| Untracked 
| 118|0x000000060fc00000, 0x000000060fc00000, 0x000000060fe00000|  0%| F|  |TAMS 0x000000060fc00000, 0x000000060fc00000| Untracked 
| 119|0x000000060fe00000, 0x000000060fe00000, 0x0000000610000000|  0%| F|  |TAMS 0x000000060fe00000, 0x000000060fe00000| Untracked 
| 120|0x0000000610000000, 0x0000000610000000, 0x0000000610200000|  0%| F|  |TAMS 0x0000000610000000, 0x0000000610000000| Untracked 
| 121|0x0000000610200000, 0x0000000610200000, 0x0000000610400000|  0%| F|  |TAMS 0x0000000610200000, 0x0000000610200000| Untracked 
| 122|0x0000000610400000, 0x0000000610400000, 0x0000000610600000|  0%| F|  |TAMS 0x0000000610400000, 0x0000000610400000| Untracked 
| 123|0x0000000610600000, 0x0000000610600000, 0x0000000610800000|  0%| F|  |TAMS 0x0000000610600000, 0x0000000610600000| Untracked 
| 124|0x0000000610800000, 0x0000000610800000, 0x0000000610a00000|  0%| F|  |TAMS 0x0000000610800000, 0x0000000610800000| Untracked 
| 125|0x0000000610a00000, 0x0000000610a00000, 0x0000000610c00000|  0%| F|  |TAMS 0x0000000610a00000, 0x0000000610a00000| Untracked 
| 126|0x0000000610c00000, 0x0000000610c00000, 0x0000000610e00000|  0%| F|  |TAMS 0x0000000610c00000, 0x0000000610c00000| Untracked 
| 127|0x0000000610e00000, 0x0000000610e00000, 0x0000000611000000|  0%| F|  |TAMS 0x0000000610e00000, 0x0000000610e00000| Untracked 
| 128|0x0000000611000000, 0x0000000611000000, 0x0000000611200000|  0%| F|  |TAMS 0x0000000611000000, 0x0000000611000000| Untracked 
| 129|0x0000000611200000, 0x0000000611200000, 0x0000000611400000|  0%| F|  |TAMS 0x0000000611200000, 0x0000000611200000| Untracked 
| 130|0x0000000611400000, 0x00000006114d0bc0, 0x0000000611600000| 40%| S|CS|TAMS 0x0000000611400000, 0x0000000611400000| Complete 
| 131|0x0000000611600000, 0x0000000611800000, 0x0000000611800000|100%| S|CS|TAMS 0x0000000611600000, 0x0000000611600000| Complete 
| 132|0x0000000611800000, 0x0000000611a00000, 0x0000000611a00000|100%| S|CS|TAMS 0x0000000611800000, 0x0000000611800000| Complete 
| 133|0x0000000611a00000, 0x0000000611c00000, 0x0000000611c00000|100%| S|CS|TAMS 0x0000000611a00000, 0x0000000611a00000| Complete 
| 134|0x0000000611c00000, 0x0000000611e00000, 0x0000000611e00000|100%| S|CS|TAMS 0x0000000611c00000, 0x0000000611c00000| Complete 
| 135|0x0000000611e00000, 0x0000000612000000, 0x0000000612000000|100%| S|CS|TAMS 0x0000000611e00000, 0x0000000611e00000| Complete 
| 136|0x0000000612000000, 0x0000000612000000, 0x0000000612200000|  0%| F|  |TAMS 0x0000000612000000, 0x0000000612000000| Untracked 
| 137|0x0000000612200000, 0x0000000612200000, 0x0000000612400000|  0%| F|  |TAMS 0x0000000612200000, 0x0000000612200000| Untracked 
| 138|0x0000000612400000, 0x0000000612400000, 0x0000000612600000|  0%| F|  |TAMS 0x0000000612400000, 0x0000000612400000| Untracked 
| 139|0x0000000612600000, 0x0000000612600000, 0x0000000612800000|  0%| F|  |TAMS 0x0000000612600000, 0x0000000612600000| Untracked 
| 140|0x0000000612800000, 0x0000000612800000, 0x0000000612a00000|  0%| F|  |TAMS 0x0000000612800000, 0x0000000612800000| Untracked 
| 141|0x0000000612a00000, 0x0000000612a00000, 0x0000000612c00000|  0%| F|  |TAMS 0x0000000612a00000, 0x0000000612a00000| Untracked 
| 142|0x0000000612c00000, 0x0000000612c00000, 0x0000000612e00000|  0%| F|  |TAMS 0x0000000612c00000, 0x0000000612c00000| Untracked 
| 143|0x0000000612e00000, 0x0000000612e00000, 0x0000000613000000|  0%| F|  |TAMS 0x0000000612e00000, 0x0000000612e00000| Untracked 
| 144|0x0000000613000000, 0x0000000613000000, 0x0000000613200000|  0%| F|  |TAMS 0x0000000613000000, 0x0000000613000000| Untracked 
| 145|0x0000000613200000, 0x0000000613200000, 0x0000000613400000|  0%| F|  |TAMS 0x0000000613200000, 0x0000000613200000| Untracked 
| 146|0x0000000613400000, 0x0000000613400000, 0x0000000613600000|  0%| F|  |TAMS 0x0000000613400000, 0x0000000613400000| Untracked 
| 147|0x0000000613600000, 0x0000000613600000, 0x0000000613800000|  0%| F|  |TAMS 0x0000000613600000, 0x0000000613600000| Untracked 
| 148|0x0000000613800000, 0x0000000613800000, 0x0000000613a00000|  0%| F|  |TAMS 0x0000000613800000, 0x0000000613800000| Untracked 
| 149|0x0000000613a00000, 0x0000000613a00000, 0x0000000613c00000|  0%| F|  |TAMS 0x0000000613a00000, 0x0000000613a00000| Untracked 
| 150|0x0000000613c00000, 0x0000000613c00000, 0x0000000613e00000|  0%| F|  |TAMS 0x0000000613c00000, 0x0000000613c00000| Untracked 
| 151|0x0000000613e00000, 0x0000000613e00000, 0x0000000614000000|  0%| F|  |TAMS 0x0000000613e00000, 0x0000000613e00000| Untracked 
| 152|0x0000000614000000, 0x0000000614000000, 0x0000000614200000|  0%| F|  |TAMS 0x0000000614000000, 0x0000000614000000| Untracked 
| 153|0x0000000614200000, 0x0000000614200000, 0x0000000614400000|  0%| F|  |TAMS 0x0000000614200000, 0x0000000614200000| Untracked 
| 154|0x0000000614400000, 0x0000000614400000, 0x0000000614600000|  0%| F|  |TAMS 0x0000000614400000, 0x0000000614400000| Untracked 
| 155|0x0000000614600000, 0x0000000614600000, 0x0000000614800000|  0%| F|  |TAMS 0x0000000614600000, 0x0000000614600000| Untracked 
| 156|0x0000000614800000, 0x0000000614800000, 0x0000000614a00000|  0%| F|  |TAMS 0x0000000614800000, 0x0000000614800000| Untracked 
| 157|0x0000000614a00000, 0x0000000614a00000, 0x0000000614c00000|  0%| F|  |TAMS 0x0000000614a00000, 0x0000000614a00000| Untracked 
| 158|0x0000000614c00000, 0x0000000614c00000, 0x0000000614e00000|  0%| F|  |TAMS 0x0000000614c00000, 0x0000000614c00000| Untracked 
| 159|0x0000000614e00000, 0x0000000614e00000, 0x0000000615000000|  0%| F|  |TAMS 0x0000000614e00000, 0x0000000614e00000| Untracked 
| 160|0x0000000615000000, 0x0000000615000000, 0x0000000615200000|  0%| F|  |TAMS 0x0000000615000000, 0x0000000615000000| Untracked 
| 161|0x0000000615200000, 0x0000000615200000, 0x0000000615400000|  0%| F|  |TAMS 0x0000000615200000, 0x0000000615200000| Untracked 
| 162|0x0000000615400000, 0x0000000615400000, 0x0000000615600000|  0%| F|  |TAMS 0x0000000615400000, 0x0000000615400000| Untracked 
| 163|0x0000000615600000, 0x0000000615600000, 0x0000000615800000|  0%| F|  |TAMS 0x0000000615600000, 0x0000000615600000| Untracked 
| 164|0x0000000615800000, 0x0000000615800000, 0x0000000615a00000|  0%| F|  |TAMS 0x0000000615800000, 0x0000000615800000| Untracked 
| 165|0x0000000615a00000, 0x0000000615a00000, 0x0000000615c00000|  0%| F|  |TAMS 0x0000000615a00000, 0x0000000615a00000| Untracked 
| 166|0x0000000615c00000, 0x0000000615c00000, 0x0000000615e00000|  0%| F|  |TAMS 0x0000000615c00000, 0x0000000615c00000| Untracked 
| 167|0x0000000615e00000, 0x0000000615e00000, 0x0000000616000000|  0%| F|  |TAMS 0x0000000615e00000, 0x0000000615e00000| Untracked 
| 168|0x0000000616000000, 0x0000000616000000, 0x0000000616200000|  0%| F|  |TAMS 0x0000000616000000, 0x0000000616000000| Untracked 
| 169|0x0000000616200000, 0x0000000616200000, 0x0000000616400000|  0%| F|  |TAMS 0x0000000616200000, 0x0000000616200000| Untracked 
| 170|0x0000000616400000, 0x0000000616400000, 0x0000000616600000|  0%| F|  |TAMS 0x0000000616400000, 0x0000000616400000| Untracked 
| 171|0x0000000616600000, 0x0000000616600000, 0x0000000616800000|  0%| F|  |TAMS 0x0000000616600000, 0x0000000616600000| Untracked 
| 172|0x0000000616800000, 0x0000000616800000, 0x0000000616a00000|  0%| F|  |TAMS 0x0000000616800000, 0x0000000616800000| Untracked 
| 173|0x0000000616a00000, 0x0000000616a00000, 0x0000000616c00000|  0%| F|  |TAMS 0x0000000616a00000, 0x0000000616a00000| Untracked 
| 174|0x0000000616c00000, 0x0000000616c00000, 0x0000000616e00000|  0%| F|  |TAMS 0x0000000616c00000, 0x0000000616c00000| Untracked 
| 175|0x0000000616e00000, 0x0000000616e00000, 0x0000000617000000|  0%| F|  |TAMS 0x0000000616e00000, 0x0000000616e00000| Untracked 
| 176|0x0000000617000000, 0x0000000617000000, 0x0000000617200000|  0%| F|  |TAMS 0x0000000617000000, 0x0000000617000000| Untracked 
| 177|0x0000000617200000, 0x0000000617200000, 0x0000000617400000|  0%| F|  |TAMS 0x0000000617200000, 0x0000000617200000| Untracked 
| 178|0x0000000617400000, 0x0000000617400000, 0x0000000617600000|  0%| F|  |TAMS 0x0000000617400000, 0x0000000617400000| Untracked 
| 179|0x0000000617600000, 0x0000000617600000, 0x0000000617800000|  0%| F|  |TAMS 0x0000000617600000, 0x0000000617600000| Untracked 
| 180|0x0000000617800000, 0x0000000617800000, 0x0000000617a00000|  0%| F|  |TAMS 0x0000000617800000, 0x0000000617800000| Untracked 
| 181|0x0000000617a00000, 0x0000000617a00000, 0x0000000617c00000|  0%| F|  |TAMS 0x0000000617a00000, 0x0000000617a00000| Untracked 
| 182|0x0000000617c00000, 0x0000000617c00000, 0x0000000617e00000|  0%| F|  |TAMS 0x0000000617c00000, 0x0000000617c00000| Untracked 
| 183|0x0000000617e00000, 0x0000000617e00000, 0x0000000618000000|  0%| F|  |TAMS 0x0000000617e00000, 0x0000000617e00000| Untracked 
| 184|0x0000000618000000, 0x0000000618000000, 0x0000000618200000|  0%| F|  |TAMS 0x0000000618000000, 0x0000000618000000| Untracked 
| 185|0x0000000618200000, 0x0000000618200000, 0x0000000618400000|  0%| F|  |TAMS 0x0000000618200000, 0x0000000618200000| Untracked 
| 186|0x0000000618400000, 0x0000000618400000, 0x0000000618600000|  0%| F|  |TAMS 0x0000000618400000, 0x0000000618400000| Untracked 
| 187|0x0000000618600000, 0x0000000618600000, 0x0000000618800000|  0%| F|  |TAMS 0x0000000618600000, 0x0000000618600000| Untracked 
| 188|0x0000000618800000, 0x0000000618800000, 0x0000000618a00000|  0%| F|  |TAMS 0x0000000618800000, 0x0000000618800000| Untracked 
| 189|0x0000000618a00000, 0x0000000618a00000, 0x0000000618c00000|  0%| F|  |TAMS 0x0000000618a00000, 0x0000000618a00000| Untracked 
| 190|0x0000000618c00000, 0x0000000618c00000, 0x0000000618e00000|  0%| F|  |TAMS 0x0000000618c00000, 0x0000000618c00000| Untracked 
| 191|0x0000000618e00000, 0x0000000618e00000, 0x0000000619000000|  0%| F|  |TAMS 0x0000000618e00000, 0x0000000618e00000| Untracked 
| 192|0x0000000619000000, 0x0000000619000000, 0x0000000619200000|  0%| F|  |TAMS 0x0000000619000000, 0x0000000619000000| Untracked 
| 193|0x0000000619200000, 0x0000000619200000, 0x0000000619400000|  0%| F|  |TAMS 0x0000000619200000, 0x0000000619200000| Untracked 
| 194|0x0000000619400000, 0x0000000619400000, 0x0000000619600000|  0%| F|  |TAMS 0x0000000619400000, 0x0000000619400000| Untracked 
| 195|0x0000000619600000, 0x0000000619600000, 0x0000000619800000|  0%| F|  |TAMS 0x0000000619600000, 0x0000000619600000| Untracked 
| 196|0x0000000619800000, 0x0000000619800000, 0x0000000619a00000|  0%| F|  |TAMS 0x0000000619800000, 0x0000000619800000| Untracked 
| 197|0x0000000619a00000, 0x0000000619a00000, 0x0000000619c00000|  0%| F|  |TAMS 0x0000000619a00000, 0x0000000619a00000| Untracked 
| 198|0x0000000619c00000, 0x0000000619c00000, 0x0000000619e00000|  0%| F|  |TAMS 0x0000000619c00000, 0x0000000619c00000| Untracked 
| 199|0x0000000619e00000, 0x0000000619e00000, 0x000000061a000000|  0%| F|  |TAMS 0x0000000619e00000, 0x0000000619e00000| Untracked 
| 200|0x000000061a000000, 0x000000061a000000, 0x000000061a200000|  0%| F|  |TAMS 0x000000061a000000, 0x000000061a000000| Untracked 
| 201|0x000000061a200000, 0x000000061a200000, 0x000000061a400000|  0%| F|  |TAMS 0x000000061a200000, 0x000000061a200000| Untracked 
| 202|0x000000061a400000, 0x000000061a400000, 0x000000061a600000|  0%| F|  |TAMS 0x000000061a400000, 0x000000061a400000| Untracked 
| 203|0x000000061a600000, 0x000000061a600000, 0x000000061a800000|  0%| F|  |TAMS 0x000000061a600000, 0x000000061a600000| Untracked 
| 204|0x000000061a800000, 0x000000061a800000, 0x000000061aa00000|  0%| F|  |TAMS 0x000000061a800000, 0x000000061a800000| Untracked 
| 205|0x000000061aa00000, 0x000000061aa00000, 0x000000061ac00000|  0%| F|  |TAMS 0x000000061aa00000, 0x000000061aa00000| Untracked 
| 206|0x000000061ac00000, 0x000000061ac00000, 0x000000061ae00000|  0%| F|  |TAMS 0x000000061ac00000, 0x000000061ac00000| Untracked 
| 207|0x000000061ae00000, 0x000000061ae00000, 0x000000061b000000|  0%| F|  |TAMS 0x000000061ae00000, 0x000000061ae00000| Untracked 
| 208|0x000000061b000000, 0x000000061b000000, 0x000000061b200000|  0%| F|  |TAMS 0x000000061b000000, 0x000000061b000000| Untracked 
| 209|0x000000061b200000, 0x000000061b200000, 0x000000061b400000|  0%| F|  |TAMS 0x000000061b200000, 0x000000061b200000| Untracked 
| 210|0x000000061b400000, 0x000000061b400000, 0x000000061b600000|  0%| F|  |TAMS 0x000000061b400000, 0x000000061b400000| Untracked 
| 211|0x000000061b600000, 0x000000061b600000, 0x000000061b800000|  0%| F|  |TAMS 0x000000061b600000, 0x000000061b600000| Untracked 
| 212|0x000000061b800000, 0x000000061b800000, 0x000000061ba00000|  0%| F|  |TAMS 0x000000061b800000, 0x000000061b800000| Untracked 
| 213|0x000000061ba00000, 0x000000061ba00000, 0x000000061bc00000|  0%| F|  |TAMS 0x000000061ba00000, 0x000000061ba00000| Untracked 
| 214|0x000000061bc00000, 0x000000061bc00000, 0x000000061be00000|  0%| F|  |TAMS 0x000000061bc00000, 0x000000061bc00000| Untracked 
| 215|0x000000061be00000, 0x000000061be00000, 0x000000061c000000|  0%| F|  |TAMS 0x000000061be00000, 0x000000061be00000| Untracked 
| 216|0x000000061c000000, 0x000000061c000000, 0x000000061c200000|  0%| F|  |TAMS 0x000000061c000000, 0x000000061c000000| Untracked 
| 217|0x000000061c200000, 0x000000061c200000, 0x000000061c400000|  0%| F|  |TAMS 0x000000061c200000, 0x000000061c200000| Untracked 
| 218|0x000000061c400000, 0x000000061c400000, 0x000000061c600000|  0%| F|  |TAMS 0x000000061c400000, 0x000000061c400000| Untracked 
| 219|0x000000061c600000, 0x000000061c600000, 0x000000061c800000|  0%| F|  |TAMS 0x000000061c600000, 0x000000061c600000| Untracked 
| 220|0x000000061c800000, 0x000000061c800000, 0x000000061ca00000|  0%| F|  |TAMS 0x000000061c800000, 0x000000061c800000| Untracked 
| 221|0x000000061ca00000, 0x000000061ca00000, 0x000000061cc00000|  0%| F|  |TAMS 0x000000061ca00000, 0x000000061ca00000| Untracked 
| 222|0x000000061cc00000, 0x000000061cc00000, 0x000000061ce00000|  0%| F|  |TAMS 0x000000061cc00000, 0x000000061cc00000| Untracked 
| 223|0x000000061ce00000, 0x000000061ce00000, 0x000000061d000000|  0%| F|  |TAMS 0x000000061ce00000, 0x000000061ce00000| Untracked 
| 224|0x000000061d000000, 0x000000061d000000, 0x000000061d200000|  0%| F|  |TAMS 0x000000061d000000, 0x000000061d000000| Untracked 
| 225|0x000000061d200000, 0x000000061d200000, 0x000000061d400000|  0%| F|  |TAMS 0x000000061d200000, 0x000000061d200000| Untracked 
| 226|0x000000061d400000, 0x000000061d400000, 0x000000061d600000|  0%| F|  |TAMS 0x000000061d400000, 0x000000061d400000| Untracked 
| 227|0x000000061d600000, 0x000000061d600000, 0x000000061d800000|  0%| F|  |TAMS 0x000000061d600000, 0x000000061d600000| Untracked 
| 228|0x000000061d800000, 0x000000061d800000, 0x000000061da00000|  0%| F|  |TAMS 0x000000061d800000, 0x000000061d800000| Untracked 
| 229|0x000000061da00000, 0x000000061da00000, 0x000000061dc00000|  0%| F|  |TAMS 0x000000061da00000, 0x000000061da00000| Untracked 
| 230|0x000000061dc00000, 0x000000061dc00000, 0x000000061de00000|  0%| F|  |TAMS 0x000000061dc00000, 0x000000061dc00000| Untracked 
| 231|0x000000061de00000, 0x000000061de00000, 0x000000061e000000|  0%| F|  |TAMS 0x000000061de00000, 0x000000061de00000| Untracked 
| 232|0x000000061e000000, 0x000000061e000000, 0x000000061e200000|  0%| F|  |TAMS 0x000000061e000000, 0x000000061e000000| Untracked 
| 233|0x000000061e200000, 0x000000061e200000, 0x000000061e400000|  0%| F|  |TAMS 0x000000061e200000, 0x000000061e200000| Untracked 
| 234|0x000000061e400000, 0x000000061e400000, 0x000000061e600000|  0%| F|  |TAMS 0x000000061e400000, 0x000000061e400000| Untracked 
| 235|0x000000061e600000, 0x000000061e600000, 0x000000061e800000|  0%| F|  |TAMS 0x000000061e600000, 0x000000061e600000| Untracked 
| 236|0x000000061e800000, 0x000000061e800000, 0x000000061ea00000|  0%| F|  |TAMS 0x000000061e800000, 0x000000061e800000| Untracked 
| 237|0x000000061ea00000, 0x000000061ea00000, 0x000000061ec00000|  0%| F|  |TAMS 0x000000061ea00000, 0x000000061ea00000| Untracked 
| 238|0x000000061ec00000, 0x000000061ec00000, 0x000000061ee00000|  0%| F|  |TAMS 0x000000061ec00000, 0x000000061ec00000| Untracked 
| 239|0x000000061ee00000, 0x000000061ee00000, 0x000000061f000000|  0%| F|  |TAMS 0x000000061ee00000, 0x000000061ee00000| Untracked 
| 240|0x000000061f000000, 0x000000061f000000, 0x000000061f200000|  0%| F|  |TAMS 0x000000061f000000, 0x000000061f000000| Untracked 
| 241|0x000000061f200000, 0x000000061f200000, 0x000000061f400000|  0%| F|  |TAMS 0x000000061f200000, 0x000000061f200000| Untracked 
| 242|0x000000061f400000, 0x000000061f400000, 0x000000061f600000|  0%| F|  |TAMS 0x000000061f400000, 0x000000061f400000| Untracked 
| 243|0x000000061f600000, 0x000000061f600000, 0x000000061f800000|  0%| F|  |TAMS 0x000000061f600000, 0x000000061f600000| Untracked 
| 244|0x000000061f800000, 0x000000061f800000, 0x000000061fa00000|  0%| F|  |TAMS 0x000000061f800000, 0x000000061f800000| Untracked 
| 245|0x000000061fa00000, 0x000000061fa00000, 0x000000061fc00000|  0%| F|  |TAMS 0x000000061fa00000, 0x000000061fa00000| Untracked 
| 246|0x000000061fc00000, 0x000000061fc00000, 0x000000061fe00000|  0%| F|  |TAMS 0x000000061fc00000, 0x000000061fc00000| Untracked 
| 247|0x000000061fe00000, 0x000000061fe00000, 0x0000000620000000|  0%| F|  |TAMS 0x000000061fe00000, 0x000000061fe00000| Untracked 
| 248|0x0000000620000000, 0x0000000620000000, 0x0000000620200000|  0%| F|  |TAMS 0x0000000620000000, 0x0000000620000000| Untracked 
| 249|0x0000000620200000, 0x0000000620200000, 0x0000000620400000|  0%| F|  |TAMS 0x0000000620200000, 0x0000000620200000| Untracked 
| 250|0x0000000620400000, 0x0000000620400000, 0x0000000620600000|  0%| F|  |TAMS 0x0000000620400000, 0x0000000620400000| Untracked 
| 251|0x0000000620600000, 0x0000000620700800, 0x0000000620800000| 50%| E|  |TAMS 0x0000000620600000, 0x0000000620600000| Complete 
| 252|0x0000000620800000, 0x0000000620a00000, 0x0000000620a00000|100%| E|CS|TAMS 0x0000000620800000, 0x0000000620800000| Complete 
| 253|0x0000000620a00000, 0x0000000620c00000, 0x0000000620c00000|100%| E|CS|TAMS 0x0000000620a00000, 0x0000000620a00000| Complete 
| 254|0x0000000620c00000, 0x0000000620e00000, 0x0000000620e00000|100%| E|CS|TAMS 0x0000000620c00000, 0x0000000620c00000| Complete 
| 255|0x0000000620e00000, 0x0000000621000000, 0x0000000621000000|100%| E|CS|TAMS 0x0000000620e00000, 0x0000000620e00000| Complete 

Card table byte_map: [0x00000145e7870000,0x00000145e8870000] _byte_map_base: 0x00000145e4868000

Marking Bits (Prev, Next): (CMBitMap*) 0x00000145cf1d0c70, (CMBitMap*) 0x00000145cf1d0c38
 Prev Bits: [0x00000145f1830000, 0x00000145f97f0000)
 Next Bits: [0x00000145e9870000, 0x00000145f1830000)

Polling page: 0x00000145ccfb0000

Metaspace:

Usage:
  Non-class:     31.67 MB capacity,    30.88 MB ( 98%) used,   665.95 KB (  2%) free+waste,   138.69 KB ( <1%) overhead. 
      Class:      4.83 MB capacity,     4.33 MB ( 90%) used,   439.38 KB (  9%) free+waste,    69.06 KB (  1%) overhead. 
       Both:     36.50 MB capacity,    35.22 MB ( 96%) used,     1.08 MB (  3%) free+waste,   207.75 KB ( <1%) overhead. 

Virtual space:
  Non-class space:       32.00 MB reserved,      31.86 MB (>99%) committed 
      Class space:        1.00 GB reserved,       4.88 MB ( <1%) committed 
             Both:        1.03 GB reserved,      36.74 MB (  3%) committed 

Chunk freelists:
   Non-Class:  2.38 KB
       Class:  1.88 KB
        Both:  4.25 KB

CodeHeap 'non-profiled nmethods': size=238336Kb used=6252Kb max_used=6252Kb free=232084Kb
 bounds [0x00000145d7c80000, 0x00000145d82a0000, 0x00000145e6540000]
CodeHeap 'non-nmethods': size=7424Kb used=1176Kb max_used=1176Kb free=6247Kb
 bounds [0x00000145d7540000, 0x00000145d77b0000, 0x00000145d7c80000]
 total_blobs=4355 nmethods=3820 adapters=429
 compilation: enabled
              stopped_count=0, restarted_count=0
 full_count=0

Compilation events (10 events):
Event: 2.427 Thread 0x00000145fcd44000 3812       1       java.lang.invoke.MemberName::equals (24 bytes)
Event: 2.427 Thread 0x00000145fcd44000 nmethod 3812 0x00000145d8293410 code [0x00000145d82935c0, 0x00000145d82937b0]
Event: 2.438 Thread 0x00000145fcd44000 3813       1       java.util.regex.Pattern$$Lambda$108/0x00000008001a0040::is (9 bytes)
Event: 2.438 Thread 0x00000145fcd44000 nmethod 3813 0x00000145d8293890 code [0x00000145d8293a40, 0x00000145d8293bb8]
Event: 2.438 Thread 0x00000145fcd44000 3814       1       java.util.regex.Pattern::lambda$clazz$1 (22 bytes)
Event: 2.438 Thread 0x00000145fcd44000 nmethod 3814 0x00000145d8293c90 code [0x00000145d8293e20, 0x00000145d8293f78]
Event: 2.441 Thread 0x00000145fcd44000 3815       1       java.util.regex.ASCII::toLower (16 bytes)
Event: 2.441 Thread 0x00000145fcd44000 nmethod 3815 0x00000145d8294090 code [0x00000145d8294220, 0x00000145d8294358]
Event: 2.441 Thread 0x00000145fcd44000 3816       1       java.util.regex.ASCII::isUpper (18 bytes)
Event: 2.441 Thread 0x00000145fcd44000 nmethod 3816 0x00000145d8294410 code [0x00000145d82945a0, 0x00000145d82946b8]

GC Heap History (10 events):
Event: 0.670 GC heap before
{Heap before GC invocations=0 (full 0):
 garbage-first heap   total 524288K, used 24576K [0x0000000601000000, 0x0000000800000000)
  region size 2048K, 12 young (24576K), 0 survivors (0K)
 Metaspace       used 13981K, capacity 14400K, committed 14720K, reserved 1062912K
  class space    used 1463K, capacity 1589K, committed 1664K, reserved 1048576K
}
Event: 0.674 GC heap after
{Heap after GC invocations=1 (full 0):
 garbage-first heap   total 524288K, used 6745K [0x0000000601000000, 0x0000000800000000)
  region size 2048K, 2 young (4096K), 2 survivors (4096K)
 Metaspace       used 13981K, capacity 14400K, committed 14720K, reserved 1062912K
  class space    used 1463K, capacity 1589K, committed 1664K, reserved 1048576K
}
Event: 0.898 GC heap before
{Heap before GC invocations=1 (full 0):
 garbage-first heap   total 524288K, used 80473K [0x0000000601000000, 0x0000000800000000)
  region size 2048K, 40 young (81920K), 2 survivors (4096K)
 Metaspace       used 20367K, capacity 20996K, committed 21248K, reserved 1069056K
  class space    used 2317K, capacity 2556K, committed 2560K, reserved 1048576K
}
Event: 0.901 GC heap after
{Heap after GC invocations=2 (full 0):
 garbage-first heap   total 524288K, used 8464K [0x0000000601000000, 0x0000000800000000)
  region size 2048K, 3 young (6144K), 3 survivors (6144K)
 Metaspace       used 20367K, capacity 20996K, committed 21248K, reserved 1069056K
  class space    used 2317K, capacity 2556K, committed 2560K, reserved 1048576K
}
Event: 1.261 GC heap before
{Heap before GC invocations=3 (full 0):
 garbage-first heap   total 524288K, used 86288K [0x0000000601000000, 0x0000000800000000)
  region size 2048K, 42 young (86016K), 3 survivors (6144K)
 Metaspace       used 23195K, capacity 23929K, committed 24064K, reserved 1071104K
  class space    used 2699K, capacity 2976K, committed 3072K, reserved 1048576K
}
Event: 1.264 GC heap after
{Heap after GC invocations=4 (full 0):
 garbage-first heap   total 524288K, used 10986K [0x0000000601000000, 0x0000000800000000)
  region size 2048K, 5 young (10240K), 5 survivors (10240K)
 Metaspace       used 23195K, capacity 23929K, committed 24064K, reserved 1071104K
  class space    used 2699K, capacity 2976K, committed 3072K, reserved 1048576K
}
Event: 1.529 GC heap before
{Heap before GC invocations=4 (full 0):
 garbage-first heap   total 524288K, used 109290K [0x0000000601000000, 0x0000000800000000)
  region size 2048K, 54 young (110592K), 5 survivors (10240K)
 Metaspace       used 25232K, capacity 26054K, committed 26240K, reserved 1073152K
  class space    used 2989K, capacity 3332K, committed 3456K, reserved 1048576K
}
Event: 1.534 GC heap after
{Heap after GC invocations=5 (full 0):
 garbage-first heap   total 524288K, used 13037K [0x0000000601000000, 0x0000000800000000)
  region size 2048K, 4 young (8192K), 4 survivors (8192K)
 Metaspace       used 25232K, capacity 26054K, committed 26240K, reserved 1073152K
  class space    used 2989K, capacity 3332K, committed 3456K, reserved 1048576K
}
Event: 2.382 GC heap before
{Heap before GC invocations=5 (full 0):
 garbage-first heap   total 524288K, used 246509K [0x0000000601000000, 0x0000000800000000)
  region size 2048K, 120 young (245760K), 4 survivors (8192K)
 Metaspace       used 34297K, capacity 35528K, committed 35628K, reserved 1081344K
  class space    used 4203K, capacity 4692K, committed 4736K, reserved 1048576K
}
Event: 2.389 GC heap after
{Heap after GC invocations=6 (full 0):
 garbage-first heap   total 524288K, used 17841K [0x0000000601000000, 0x0000000800000000)
  region size 2048K, 6 young (12288K), 6 survivors (12288K)
 Metaspace       used 34297K, capacity 35528K, committed 35628K, reserved 1081344K
  class space    used 4203K, capacity 4692K, committed 4736K, reserved 1048576K
}

Deoptimization events (0 events):
No events

Classes redefined (0 events):
No events

Internal exceptions (10 events):
Event: 2.103 Thread 0x00000145fe26b800 Exception <a 'java/lang/IncompatibleClassChangeError'{0x00000006191ef490}: Found class java.lang.Object, but interface was expected> (0x00000006191ef490) thrown at [./open/src/hotspot/share/interpreter/linkResolver.cpp, line 838]
Event: 2.103 Thread 0x00000145fe26b800 Exception <a 'java/lang/NoSuchMethodError'{0x00000006191f4310}: java.lang.invoke.DirectMethodHandle$Holder.invokeStatic(Ljava/lang/Object;ILjava/lang/Object;)V> (0x00000006191f4310) thrown at [./open/src/hotspot/share/interpreter/linkResolver.cpp, line 77
Event: 2.280 Thread 0x00000145fe26b800 Exception <a 'java/io/FileNotFoundException'{0x00000006133b2390}> (0x00000006133b2390) thrown at [./open/src/hotspot/share/prims/jni.cpp, line 611]
Event: 2.292 Thread 0x00000145fe26b800 Exception <a 'java/lang/NoSuchMethodError'{0x000000061313f5b8}: java.lang.invoke.DirectMethodHandle$Holder.invokeInterface(Ljava/lang/Object;Ljava/lang/Object;Ljava/lang/Object;Ljava/lang/Object;)I> (0x000000061313f5b8) thrown at [./open/src/hotspot/share
Event: 2.310 Thread 0x00000145fe26b800 Exception <a 'java/io/FileNotFoundException'{0x0000000612f9d7b8}> (0x0000000612f9d7b8) thrown at [./open/src/hotspot/share/prims/jni.cpp, line 611]
Event: 2.325 Thread 0x00000145fe26b800 Exception <a 'java/lang/NoSuchMethodError'{0x0000000612b93068}: java.lang.invoke.DirectMethodHandle$Holder.invokeVirtual(Ljava/lang/Object;Ljava/lang/Object;Ljava/lang/Object;Ljava/lang/Object;)V> (0x0000000612b93068) thrown at [./open/src/hotspot/share/i
Event: 2.331 Thread 0x00000145fe26b800 Exception <a 'java/lang/NoSuchMethodError'{0x0000000612858890}: java.lang.invoke.DirectMethodHandle$Holder.invokeStaticInit(Ljava/lang/Object;)V> (0x0000000612858890) thrown at [./open/src/hotspot/share/interpreter/linkResolver.cpp, line 772]
Event: 2.343 Thread 0x00000145fe26b800 Exception <a 'java/lang/NoClassDefFoundError'{0x0000000612655a58}: oracle/security/pki/OraclePKIProvider> (0x0000000612655a58) thrown at [./open/src/hotspot/share/classfile/systemDictionary.cpp, line 217]
Event: 2.345 Thread 0x00000145fe8f7800 Exception <a 'java/lang/reflect/InvocationTargetException'{0x000000061c316a18}> (0x000000061c316a18) thrown at [./open/src/hotspot/share/runtime/reflection.cpp, line 1242]
Event: 2.417 Thread 0x00000145fe26b800 Exception <a 'java/lang/NoSuchMethodError'{0x0000000620cb7ed0}: java.lang.invoke.DirectMethodHandle$Holder.invokeVirtual(Ljava/lang/Object;Ljava/lang/Object;I)V> (0x0000000620cb7ed0) thrown at [./open/src/hotspot/share/interpreter/linkResolver.cpp, line 7

Events (10 events):
Event: 2.441 loading class oracle/net/jdbc/nl/NVFactory
Event: 2.441 loading class oracle/net/jdbc/nl/NVFactory done
Event: 2.441 loading class oracle/net/jdbc/nl/NVNavigator
Event: 2.441 loading class oracle/net/jdbc/nl/NVNavigator done
Event: 2.441 loading class oracle/net/jdbc/nl/NVTokens
Event: 2.441 loading class oracle/net/jdbc/nl/NVTokens done
Event: 2.441 loading class oracle/net/jdbc/nl/NLException
Event: 2.441 loading class oracle/net/jdbc/nl/NLException done
Event: 2.441 loading class oracle/net/jdbc/nl/NetStrings
Event: 2.441 loading class oracle/net/jdbc/nl/NetStrings done


Dynamic libraries:
0x00007ff7de250000 - 0x00007ff7de297000 	C:\Program Files\Java\jdk-11.0.7\bin\java.exe
0x00007ffc1b260000 - 0x00007ffc1b450000 	C:\Windows\SYSTEM32\ntdll.dll
0x00007ffc1a6f0000 - 0x00007ffc1a7a2000 	C:\Windows\System32\KERNEL32.DLL
0x00007ffc18590000 - 0x00007ffc18835000 	C:\Windows\System32\KERNELBASE.dll
0x00007ffc1a640000 - 0x00007ffc1a6e3000 	C:\Windows\System32\ADVAPI32.dll
0x00007ffc1afd0000 - 0x00007ffc1b06e000 	C:\Windows\System32\msvcrt.dll
0x00007ffc1b070000 - 0x00007ffc1b107000 	C:\Windows\System32\sechost.dll
0x00007ffc193e0000 - 0x00007ffc19500000 	C:\Windows\System32\RPCRT4.dll
0x00007ffc195b0000 - 0x00007ffc19744000 	C:\Windows\System32\USER32.dll
0x00007ffc18260000 - 0x00007ffc18281000 	C:\Windows\System32\win32u.dll
0x00007ffc19750000 - 0x00007ffc19776000 	C:\Windows\System32\GDI32.dll
0x00007ffc19140000 - 0x00007ffc192d6000 	C:\Windows\System32\gdi32full.dll
0x00007ffc181c0000 - 0x00007ffc1825e000 	C:\Windows\System32\msvcp_win.dll
0x00007ffc18340000 - 0x00007ffc1843a000 	C:\Windows\System32\ucrtbase.dll
0x00007ffc175e0000 - 0x00007ffc17864000 	C:\Windows\WinSxS\amd64_microsoft.windows.common-controls_6595b64144ccf1df_6.0.18362.1139_none_9e7bf2d3e4605ac6\COMCTL32.dll
0x00007ffc135b0000 - 0x00007ffc135ba000 	C:\Windows\SYSTEM32\VERSION.dll
0x00007ffc1a200000 - 0x00007ffc1a535000 	C:\Windows\System32\combase.dll
0x00007ffc18ff0000 - 0x00007ffc19070000 	C:\Windows\System32\bcryptPrimitives.dll
0x00007ffc1b1c0000 - 0x00007ffc1b1ee000 	C:\Windows\System32\IMM32.DLL
0x00007ffc06210000 - 0x00007ffc06226000 	C:\Program Files\Java\jdk-11.0.7\bin\vcruntime140.dll
0x00007ffbe2d20000 - 0x00007ffbe2dca000 	C:\Program Files\Java\jdk-11.0.7\bin\msvcp140.dll
0x00007ffbbd6a0000 - 0x00007ffbbe201000 	C:\Program Files\Java\jdk-11.0.7\bin\server\jvm.dll
0x00007ffc198d0000 - 0x00007ffc198d8000 	C:\Windows\System32\PSAPI.DLL
0x00007ffc14fa0000 - 0x00007ffc14fc4000 	C:\Windows\SYSTEM32\WINMM.dll
0x00007ffc054b0000 - 0x00007ffc054b9000 	C:\Windows\SYSTEM32\WSOCK32.dll
0x00007ffc1a7b0000 - 0x00007ffc1a81f000 	C:\Windows\System32\WS2_32.dll
0x00007ffc14f70000 - 0x00007ffc14f9d000 	C:\Windows\SYSTEM32\WINMMBASE.dll
0x00007ffc19090000 - 0x00007ffc190da000 	C:\Windows\System32\cfgmgr32.dll
0x00007ffc18100000 - 0x00007ffc18111000 	C:\Windows\System32\kernel.appcore.dll
0x00007ffc056e0000 - 0x00007ffc056f1000 	C:\Program Files\Java\jdk-11.0.7\bin\verify.dll
0x00007ffc17bc0000 - 0x00007ffc17db4000 	C:\Windows\SYSTEM32\DBGHELP.DLL
0x00007ffc17b10000 - 0x00007ffc17b3a000 	C:\Windows\SYSTEM32\dbgcore.DLL
0x00007ffbfca40000 - 0x00007ffbfca69000 	C:\Program Files\Java\jdk-11.0.7\bin\java.dll
0x00007ffc07920000 - 0x00007ffc0792a000 	C:\Program Files\Java\jdk-11.0.7\bin\jimage.dll
0x00007ffbfbd70000 - 0x00007ffbfbda0000 	C:\Program Files\Java\jdk-11.0.7\bin\instrument.dll
0x00007ffbfd640000 - 0x00007ffbfd656000 	C:\Program Files\Java\jdk-11.0.7\bin\zip.dll
0x00007ffc1a820000 - 0x00007ffc1af07000 	C:\Windows\System32\SHELL32.dll
0x00007ffc1b110000 - 0x00007ffc1b1b9000 	C:\Windows\System32\shcore.dll
0x00007ffc18840000 - 0x00007ffc18fc0000 	C:\Windows\System32\windows.storage.dll
0x00007ffc18190000 - 0x00007ffc181b3000 	C:\Windows\System32\profapi.dll
0x00007ffc18120000 - 0x00007ffc1816a000 	C:\Windows\System32\powrprof.dll
0x00007ffc180f0000 - 0x00007ffc18100000 	C:\Windows\System32\UMPDC.dll
0x00007ffc1af70000 - 0x00007ffc1afc2000 	C:\Windows\System32\shlwapi.dll
0x00007ffc19070000 - 0x00007ffc19087000 	C:\Windows\System32\cryptsp.dll
0x00007ffbfc270000 - 0x00007ffbfc289000 	C:\Program Files\Java\jdk-11.0.7\bin\net.dll
0x00007ffc0e5a0000 - 0x00007ffc0e690000 	C:\Windows\SYSTEM32\WINHTTP.dll
0x00007ffc172e0000 - 0x00007ffc17347000 	C:\Windows\system32\mswsock.dll
0x00007ffbfb5a0000 - 0x00007ffbfb5b3000 	C:\Program Files\Java\jdk-11.0.7\bin\nio.dll
0x00007ffbf9b00000 - 0x00007ffbf9b1a000 	C:\Program Files\JetBrains\IntelliJ IDEA 2020.2.3\bin\breakgen64.dll
0x00007ffc17030000 - 0x00007ffc170fb000 	C:\Windows\SYSTEM32\DNSAPI.dll
0x00007ffc198c0000 - 0x00007ffc198c8000 	C:\Windows\System32\NSI.dll
0x00007ffc16ff0000 - 0x00007ffc1702a000 	C:\Windows\SYSTEM32\IPHLPAPI.DLL
0x0000000059ed0000 - 0x0000000059f05000 	C:\Program Files\Bonjour\mdnsNSP.dll
0x00007ffc0e520000 - 0x00007ffc0e52a000 	C:\Windows\System32\rasadhlp.dll
0x00007ffc10190000 - 0x00007ffc10207000 	C:\Windows\System32\fwpuclnt.dll
0x00007ffc18fc0000 - 0x00007ffc18fe6000 	C:\Windows\System32\bcrypt.dll
0x00007ffc06280000 - 0x00007ffc06289000 	C:\Program Files\Java\jdk-11.0.7\bin\management.dll
0x00007ffbfd680000 - 0x00007ffbfd68c000 	C:\Program Files\Java\jdk-11.0.7\bin\management_ext.dll
0x00007ffc16e30000 - 0x00007ffc16e63000 	C:\Windows\system32\rsaenh.dll
0x00007ffc17fd0000 - 0x00007ffc17ff5000 	C:\Windows\SYSTEM32\USERENV.dll
0x00007ffc174d0000 - 0x00007ffc174dc000 	C:\Windows\SYSTEM32\CRYPTBASE.dll
0x00007ffc10270000 - 0x00007ffc10286000 	C:\Windows\SYSTEM32\dhcpcsvc6.DLL
0x00007ffc10980000 - 0x00007ffc1099c000 	C:\Windows\SYSTEM32\dhcpcsvc.DLL
0x00007ffbedd30000 - 0x00007ffbedd46000 	C:\Windows\system32\napinsp.dll
0x00007ffbedd10000 - 0x00007ffbedd2a000 	C:\Windows\system32\pnrpnsp.dll
0x00007ffbfc260000 - 0x00007ffbfc26e000 	C:\Windows\System32\winrnr.dll
0x00007ffc13b10000 - 0x00007ffc13b2c000 	C:\Windows\system32\NLAapi.dll
0x00007ffc16320000 - 0x00007ffc16335000 	C:\Windows\system32\wshbth.dll

dbghelp: loaded successfully - version: 4.0.5 - missing functions: none
symbol engine: initialized successfully - sym options: 0x614 - pdb path: .;C:\Program Files\Java\jdk-11.0.7\bin;C:\Windows\SYSTEM32;C:\Windows\WinSxS\amd64_microsoft.windows.common-controls_6595b64144ccf1df_6.0.18362.1139_none_9e7bf2d3e4605ac6;C:\Program Files\Java\jdk-11.0.7\bin\server;C:\Program Files\JetBrains\IntelliJ IDEA 2020.2.3\bin;C:\Program Files\Bonjour

VM Arguments:
jvm_args: -XX:TieredStopAtLevel=1 -Xverify:none -Dspring.output.ansi.enabled=always -Dcom.sun.management.jmxremote -Dspring.jmx.enabled=true -Dspring.liveBeansView.mbeanDomain -Dspring.application.admin.enabled=true -javaagent:C:\Program Files\JetBrains\IntelliJ IDEA 2020.2.3\lib\idea_rt.jar=60787:C:\Program Files\JetBrains\IntelliJ IDEA 2020.2.3\bin -Dfile.encoding=UTF-8 
java_command: com.Application
java_class_path (initial): E:\lab4\lab4\target\classes;C:\Users\ravsp\.m2\repository\org\springframework\boot\spring-boot-starter-thymeleaf\2.3.2.RELEASE\spring-boot-starter-thymeleaf-2.3.2.RELEASE.jar;C:\Users\ravsp\.m2\repository\org\springframework\boot\spring-boot-starter\2.3.2.RELEASE\spring-boot-starter-2.3.2.RELEASE.jar;C:\Users\ravsp\.m2\repository\org\springframework\boot\spring-boot-starter-logging\2.3.2.RELEASE\spring-boot-starter-logging-2.3.2.RELEASE.jar;C:\Users\ravsp\.m2\repository\ch\qos\logback\logback-classic\1.2.3\logback-classic-1.2.3.jar;C:\Users\ravsp\.m2\repository\ch\qos\logback\logback-core\1.2.3\logback-core-1.2.3.jar;C:\Users\ravsp\.m2\repository\org\apache\logging\log4j\log4j-to-slf4j\2.13.3\log4j-to-slf4j-2.13.3.jar;C:\Users\ravsp\.m2\repository\org\apache\logging\log4j\log4j-api\2.13.3\log4j-api-2.13.3.jar;C:\Users\ravsp\.m2\repository\org\slf4j\jul-to-slf4j\1.7.30\jul-to-slf4j-1.7.30.jar;C:\Users\ravsp\.m2\repository\jakarta\annotation\jakarta.annotation-api\1.3.5\jakarta.annotation-api-1.3.5.jar;C:\Users\ravsp\.m2\repository\org\yaml\snakeyaml\1.26\snakeyaml-1.26.jar;C:\Users\ravsp\.m2\repository\org\thymeleaf\thymeleaf-spring5\3.0.11.RELEASE\thymeleaf-spring5-3.0.11.RELEASE.jar;C:\Users\ravsp\.m2\repository\org\thymeleaf\thymeleaf\3.0.11.RELEASE\thymeleaf-3.0.11.RELEASE.jar;C:\Users\ravsp\.m2\repository\org\attoparser\attoparser\2.0.5.RELEASE\attoparser-2.0.5.RELEASE.jar;C:\Users\ravsp\.m2\repository\org\unbescape\unbescape\1.1.6.RELEASE\unbescape-1.1.6.RELEASE.jar;C:\Users\ravsp\.m2\repository\org\slf4j\slf4j-api\1.7.30\slf4j-api-1.7.30.jar;C:\Users\ravsp\.m2\repository\org\thymeleaf\extras\thymeleaf-extras-java8time\3.0.4.RELEASE\thymeleaf-extras-java8time-3.0.4.RELEASE.jar;C:\Users\ravsp\.m2\repository\org\springframework\boot\spring-boot-starter-web\2.3.2.RELEASE\spring-boot-starter-web-2.3.2.RELEASE.jar;C:\Users\ravsp\.m2\repository\org\springframework\boot\spring-boot-starter-json\2.3.2.RELEASE\spring-boot-starter-json-2.3.2.
Launcher Type: SUN_STANDARD

[Global flags]
     bool BytecodeVerificationLocal                = false                                     {product} {command line}
     bool BytecodeVerificationRemote               = false                                     {product} {command line}
     intx CICompilerCount                          = 4                                         {product} {ergonomic}
     uint ConcGCThreads                            = 2                                         {product} {ergonomic}
     uint G1ConcRefinementThreads                  = 8                                         {product} {ergonomic}
   size_t G1HeapRegionSize                         = 2097152                                   {product} {ergonomic}
    uintx GCDrainStackTargetSize                   = 64                                        {product} {ergonomic}
   size_t InitialHeapSize                          = 536870912                                 {product} {ergonomic}
     bool ManagementServer                         = true                                      {product} {command line}
   size_t MarkStackSize                            = 4194304                                   {product} {ergonomic}
   size_t MaxHeapSize                              = 8573157376                                {product} {ergonomic}
   size_t MaxNewSize                               = 5142216704                                {product} {ergonomic}
   size_t MinHeapDeltaBytes                        = 2097152                                   {product} {ergonomic}
    uintx NonNMethodCodeHeapSize                   = 7549744                                {pd product} {ergonomic}
    uintx NonProfiledCodeHeapSize                  = 244108496                              {pd product} {ergonomic}
    uintx ProfiledCodeHeapSize                     = 0                                      {pd product} {ergonomic}
    uintx ReservedCodeCacheSize                    = 251658240                              {pd product} {ergonomic}
     bool SegmentedCodeCache                       = true                                      {product} {ergonomic}
     intx TieredStopAtLevel                        = 1                                         {product} {command line}
     bool UseCompressedClassPointers               = true                                 {lp64_product} {ergonomic}
     bool UseCompressedOops                        = true                                 {lp64_product} {ergonomic}
     bool UseG1GC                                  = true                                      {product} {ergonomic}
     bool UseLargePagesIndividualAllocation        = false                                  {pd product} {ergonomic}

Logging:
Log output configuration:
 #0: stdout all=warning uptime,level,tags
 #1: stderr all=off uptime,level,tags

Environment Variables:
JAVA_HOME=C:\Program Files\Java\jdk-11.0.7
PATH=C:\Python39\Scripts\;C:\Python39\;C:\gcc\bin;C:\gcc\libexec\gcc\x86_64-w64-mingw32\10.2.0;C:\Program Files (x86)\Razer Chroma SDK\bin;C:\Program Files\Razer Chroma SDK\bin;C:\Program Files (x86)\Razer\ChromaBroadcast\bin;C:\Program Files\Razer\ChromaBroadcast\bin;C:\Windows\system32;C:\Windows;C:\Windows\System32\Wbem;C:\Windows\System32\WindowsPowerShell\v1.0\;C:\Windows\System32\OpenSSH\;C:\Program Files\Microsoft SQL Server\130\Tools\Binn\;C:\Users\ravsp\AppData\Local\Microsoft\WindowsApps;C:\Users\ravsp\.dotnet\tools;C:\Program Files\Java\jdk-11.0.7\bin;C:\Program Files\CMake\bin;C:\Program Files\Git\cmd;C:\Program Files\apache-maven-3.6.3\bin;C:\Program Files (x86)\gnupg\bin;C:\Program Files (x86)\Gpg4win\..\GnuPG\bin;E:\F\bin;C:\Program Files\MATLAB\R2020b\bin;C:\Program Files\dotnet\;C:\Program Files\Microsoft SQL Server\Client SDK\ODBC\170\Tools\Binn\;C:\Program Files\nodejs\;C:\ProgramData\chocolatey\bin;;C:\Program Files\NVIDIA Corporation\NVIDIA NvDLISR;C:\Users\ravsp\AppData\Local\Programs\Python\Python38-32\Scripts\;C:\Users\ravsp\AppData\Local\Programs\Python\Python38-32\;C:\Users\ravsp\AppData\Local\Microsoft\WindowsApps;;C:\Program Files\JetBrains\IntelliJ IDEA Community Edition 2019.3.4\bin;;C:\Program Files\JetBrains\PyCharm Community Edition 2020.2.1\bin;;C:\Users\ravsp\AppData\Local\Programs\Microsoft VS Code\bin;C:\Program Files\JetBrains\WebStorm 2020.2\bin;;C:\Program Files\JetBrains\PhpStorm 2020.2.1\bin;;C:\Program Files\JetBrains\IntelliJ IDEA 2020.2.3\bin;;C:\Users\ravsp\.dotnet\tools;C:\Users\ravsp\AppData\Roaming\npm
USERNAME=ravsp
OS=Windows_NT
PROCESSOR_IDENTIFIER=Intel64 Family 6 Model 158 Stepping 9, GenuineIntel



---------------  S Y S T E M  ---------------

OS: Windows 10 , 64 bit Build 18362 (10.0.18362.1110)

CPU:total 8 (initial active 8) (4 cores per cpu, 2 threads per core) family 6 model 158 stepping 9, cmov, cx8, fxsr, mmx, sse, sse2, sse3, ssse3, sse4.1, sse4.2, popcnt, avx, avx2, aes, clmul, erms, rtm, 3dnowpref, lzcnt, ht, tsc, tscinvbit, bmi1, bmi2, adx, fma

Memory: 4k page, system-wide physical 32702M (21663M free)
TotalPageFile size 37566M (AvailPageFile size 23629M)
current process WorkingSet (physical memory assigned to process): 360M, peak: 377M
current process commit charge ("private bytes"): 666M, peak: 708M

vm_info: Java HotSpot(TM) 64-Bit Server VM (11.0.7+8-LTS) for windows-amd64 JRE (11.0.7+8-LTS), built on Mar 12 2020 02:04:32 by "mach5one" with MS VC++ 15.5 (VS2017)

END.
